<?xml version="1.0" encoding="UTF-8"?>
<!-- Generated by org.testng.reporters.JUnitXMLReporter -->
<testsuite ignored="4" hostname="DESKTOP-MNGQGRB" failures="5" tests="23" name="ChromeTest" time="217.568" errors="0" timestamp="2025-07-04T14:38:29 IST">
  <testcase classname="tests.TC_001_SignUpTest" name="signUpTest" time="1.659"/>
  <testcase classname="tests.TC_001_SignUpTest" name="signUpTest" time="3.695"/>
  <testcase classname="tests.TC_001_SignUpTest" name="signUpTest" time="3.613"/>
  <testcase classname="tests.TC_001_SignUpTest" name="signUpTest" time="3.602"/>
  <testcase classname="tests.TC_001_SignUpTest" name="signUpTest" time="3.577"/>
  <testcase classname="tests.TC_001_SignUpTest" name="signUpTest" time="3.581"/>
  <testcase classname="tests.TC_001_SignUpTest" name="signUpTest" time="1.455"/>
  <testcase classname="tests.TC_002_LoginTest" name="LoginTest" time="0.721"/>
  <testcase classname="tests.TC_002_LoginTest" name="LoginTest" time="5.543"/>
  <testcase classname="tests.TC_002_LoginTest" name="LoginTest" time="5.482"/>
  <testcase classname="tests.TC_002_LoginTest" name="LoginTest" time="5.584"/>
  <testcase classname="tests.TC_002_LoginTest" name="passwordFieldMask" time="0.07"/>
  <testcase classname="tests.TC_003_AddContactTest" name="AddContactTest" time="5.885"/>
  <testcase classname="tests.TC_003_AddContactTest" name="AddContactTest" time="6.17"/>
  <testcase classname="tests.TC_003_AddContactTest" name="AddContactTest" time="6.117"/>
  <testcase classname="tests.TC_003_AddContactTest" name="AddContactTest" time="4.245"/>
  <testcase classname="tests.TC_003_AddContactTest" name="Edit_Contact" time="26.033"/>
  <testcase classname="tests.TC_003_AddContactTest" name="Navigtn_Security" time="7.931">
    <failure type="java.lang.AssertionError" message="The following asserts failed:
	TestCase Failed - User navigates directly to “contact-list” without logging in expected [false] but found [true]">
      <![CDATA[java.lang.AssertionError: The following asserts failed:
TestCase Failed - User navigates directly to “contact-list” without logging in expected [false] but found [true]
at pages.ContactList.Logout(ContactList.java:68)
at tests.TC_003_AddContactTest.Navigtn_Security(TC_003_AddContactTest.java:88)
at java.base/java.util.ArrayList.forEach(ArrayList.java:1596)
... Removed 27 stack frames]]>
    </failure>
  </testcase> <!-- Navigtn_Security -->
  <testcase classname="tests.TC_003_AddContactTest" name="backFeature_Test" time="4.067">
    <failure type="java.lang.AssertionError" message="The following asserts failed:
	TestCase Failed - User can go back to contact-list page after Logout  expected [false] but found [true]">
      <![CDATA[java.lang.AssertionError: The following asserts failed:
TestCase Failed - User can go back to contact-list page after Logout  expected [false] but found [true]
at pages.ContactList.backFeature(ContactList.java:85)
at tests.TC_003_AddContactTest.backFeature_Test(TC_003_AddContactTest.java:99)
at java.base/java.util.ArrayList.forEach(ArrayList.java:1596)
... Removed 27 stack frames]]>
    </failure>
  </testcase> <!-- backFeature_Test -->
  <testcase classname="tests.TC_003_AddContactTest" name="UI_Location_Test" time="2.697">
    <failure type="java.lang.AssertionError" message="The following asserts failed:
	First name and Last Name are misaligned expected [true] but found [false]">
      <![CDATA[java.lang.AssertionError: The following asserts failed:
First name and Last Name are misaligned expected [true] but found [false]
at pages.AddContact.UI_Location(AddContact.java:204)
at tests.TC_003_AddContactTest.UI_Location_Test(TC_003_AddContactTest.java:110)
at java.base/java.util.ArrayList.forEach(ArrayList.java:1596)
... Removed 27 stack frames]]>
    </failure>
  </testcase> <!-- UI_Location_Test -->
  <testcase classname="tests.TC_003_AddContactTest" name="Toast_Message_Test" time="5.146">
    <failure type="java.lang.AssertionError" message="The following asserts failed:
	No success/Toast Message Shown expected [true] but found [false]">
      <![CDATA[java.lang.AssertionError: The following asserts failed:
No success/Toast Message Shown expected [true] but found [false]
at pages.AddContact.testToastMessage(AddContact.java:225)
at tests.TC_003_AddContactTest.Toast_Message_Test(TC_003_AddContactTest.java:121)
at java.base/java.util.ArrayList.forEach(ArrayList.java:1596)
... Removed 27 stack frames]]>
    </failure>
  </testcase> <!-- Toast_Message_Test -->
  <testcase classname="tests.TC_003_AddContactTest" name="Max_Character_Test" time="3.767">
    <failure type="java.lang.AssertionError" message="The following asserts failed:
	Field accepted more than 300 characters expected [true] but found [false]">
      <![CDATA[java.lang.AssertionError: The following asserts failed:
Field accepted more than 300 characters expected [true] but found [false]
at pages.AddContact.Verify_MaxChar(AddContact.java:241)
at tests.TC_003_AddContactTest.Max_Character_Test(TC_003_AddContactTest.java:132)
at java.base/java.util.ArrayList.forEach(ArrayList.java:1596)
... Removed 27 stack frames]]>
    </failure>
  </testcase> <!-- Max_Character_Test -->
  <testcase classname="tests.TC_003_AddContactTest" name="Emoji_Verification_Test" time="4.126"/>
  <testcase classname="base.ProjectSpecificationMethods" name="@BeforeSuite createReport" time="0.0">
    <ignored/>
  </testcase> <!-- @BeforeSuite createReport -->
  <testcase classname="base.ProjectSpecificationMethods" name="@BeforeSuite createReport" time="0.0">
    <ignored/>
  </testcase> <!-- @BeforeSuite createReport -->
  <testcase classname="base.ProjectSpecificationMethods" name="@AfterSuite closeReport" time="0.0">
    <ignored/>
  </testcase> <!-- @AfterSuite closeReport -->
  <testcase classname="base.ProjectSpecificationMethods" name="@AfterSuite closeReport" time="0.0">
    <ignored/>
  </testcase> <!-- @AfterSuite closeReport -->
</testsuite> <!-- ChromeTest -->
