<?xml version="1.0" encoding="UTF-8"?>
<!-- Generated by org.testng.reporters.JUnitXMLReporter -->
<testsuite ignored="4" hostname="DESKTOP-MNGQGRB" failures="1" tests="18" name="EdgeTest" time="227.409" errors="0" timestamp="2025-07-03T20:26:57 IST">
  <testcase classname="tests.TC_001_SignUpTest" name="signUpTest" time="2.258"/>
  <testcase classname="tests.TC_001_SignUpTest" name="signUpTest" time="5.452"/>
  <testcase classname="tests.TC_001_SignUpTest" name="signUpTest" time="4.345"/>
  <testcase classname="tests.TC_001_SignUpTest" name="signUpTest" time="3.679"/>
  <testcase classname="tests.TC_001_SignUpTest" name="signUpTest" time="3.713"/>
  <testcase classname="tests.TC_001_SignUpTest" name="signUpTest" time="3.573"/>
  <testcase classname="tests.TC_001_SignUpTest" name="signUpTest" time="1.606"/>
  <testcase classname="tests.TC_002_LoginTest" name="LoginTest" time="0.578"/>
  <testcase classname="tests.TC_002_LoginTest" name="LoginTest" time="5.601"/>
  <testcase classname="tests.TC_002_LoginTest" name="LoginTest" time="5.723"/>
  <testcase classname="tests.TC_002_LoginTest" name="LoginTest" time="5.561"/>
  <testcase classname="tests.TC_002_LoginTest" name="passwordFieldMask" time="0.061"/>
  <testcase classname="tests.TC_003_AddContactTest" name="AddContactTest" time="7.798"/>
  <testcase classname="tests.TC_003_AddContactTest" name="AddContactTest" time="6.697"/>
  <testcase classname="tests.TC_003_AddContactTest" name="AddContactTest" time="13.132"/>
  <testcase classname="tests.TC_003_AddContactTest" name="AddContactTest" time="4.098"/>
  <testcase classname="tests.TC_003_AddContactTest" name="Edit_Contact" time="26.072"/>
  <testcase classname="tests.TC_003_AddContactTest" name="Navigtn_Security" time="20.323">
    <failure type="java.lang.NullPointerException" message="Cannot invoke &amp;quot;org.testng.asserts.SoftAssert.assertAll()&amp;quot; because &amp;quot;this.softAssrt&amp;quot; is null">
      <![CDATA[java.lang.NullPointerException: Cannot invoke "org.testng.asserts.SoftAssert.assertAll()" because "this.softAssrt" is null
at tests.TC_003_AddContactTest.Navigtn_Security(TC_003_AddContactTest.java:95)
at java.base/java.util.ArrayList.forEach(ArrayList.java:1596)
... Removed 25 stack frames]]>
    </failure>
  </testcase> <!-- Navigtn_Security -->
  <testcase classname="base.ProjectSpecificationMethods" name="@BeforeSuite createReport" time="0.0">
    <ignored/>
  </testcase> <!-- @BeforeSuite createReport -->
  <testcase classname="base.ProjectSpecificationMethods" name="@AfterSuite closeReport" time="0.0">
    <ignored/>
  </testcase> <!-- @AfterSuite closeReport -->
  <testcase classname="base.ProjectSpecificationMethods" name="@BeforeSuite createReport" time="0.0">
    <ignored/>
  </testcase> <!-- @BeforeSuite createReport -->
  <testcase classname="base.ProjectSpecificationMethods" name="@AfterSuite closeReport" time="0.0">
    <ignored/>
  </testcase> <!-- @AfterSuite closeReport -->
</testsuite> <!-- EdgeTest -->
