<html>
<head>
<title>TestNG:  ChromeTest</title>
<link href="../testng.css" rel="stylesheet" type="text/css" />
<link href="../my-testng.css" rel="stylesheet" type="text/css" />

<style type="text/css">
.log { display: none;} 
.stack-trace { display: none;} 
</style>
<script type="text/javascript">
<!--
function flip(e) {
  current = e.style.display;
  if (current == 'block') {
    e.style.display = 'none';
    return 0;
  }
  else {
    e.style.display = 'block';
    return 1;
  }
}

function toggleBox(szDivId, elem, msg1, msg2)
{
  var res = -1;  if (document.getElementById) {
    res = flip(document.getElementById(szDivId));
  }
  else if (document.all) {
    // this is the way old msie versions work
    res = flip(document.all[szDivId]);
  }
  if(elem) {
    if(res == 0) elem.innerHTML = msg1; else elem.innerHTML = msg2;
  }

}

function toggleAllBoxes() {
  if (document.getElementsByTagName) {
    d = document.getElementsByTagName('div');
    for (i = 0; i < d.length; i++) {
      if (d[i].className == 'log') {
        flip(d[i]);
      }
    }
  }
}

// -->
</script>

</head>
<body>
<h2 align='center'>ChromeTest</h2><table border='1' align="center">
<tr>
<td>Tests passed/Failed/Skipped:</td><td>18/5/0</td>
</tr><tr>
<td>Started on:</td><td>Sun Jul 06 14:28:23 IST 2025</td>
</tr>
<tr><td>Total time:</td><td>211 seconds (211416 ms)</td>
</tr><tr>
<td>Included groups:</td><td></td>
</tr><tr>
<td>Excluded groups:</td><td></td>
</tr>
</table><p/>
<small><i>(Hover the method name to see the test class name)</i></small><p/>
<table width='100%' border='1' class='invocation-failed'>
<tr><td colspan='4' align='center'><b>FAILED TESTS</b></td></tr>
<tr><td><b>Test method</b></td>
<td><b>Attribute(s)</b></td>
<td width="30%"><b>Exception</b></td>
<td width="10%"><b>Time (seconds)</b></td>
<td><b>Instance</b></td>
</tr>
<tr>
<td title='tests.TC_003_AddContactTest.Toast_Message_Test()'><b>Toast_Message_Test</b><br>Test class: tests.TC_003_AddContactTest</td>
<td><div><pre>java.lang.AssertionError: The following asserts failed:
	No success/Toast Message Shown expected [true] but found [false]
	at pages.AddContact.testToastMessage(AddContact.java:225)
	at tests.TC_003_AddContactTest.Toast_Message_Test(TC_003_AddContactTest.java:121)
	at java.base/java.util.ArrayList.forEach(ArrayList.java:1596)
... Removed 31 stack frames</pre></div><a href='#' onClick='toggleBox("stack-trace251888112", this, "Click to show all stack frames", "Click to hide stack frames")'>Click to show all stack frames</a>
<div class='stack-trace' id='stack-trace251888112'><pre>java.lang.AssertionError: The following asserts failed:
	No success/Toast Message Shown expected [true] but found [false]
	at org.testng.asserts.SoftAssert.assertAll(SoftAssert.java:46)
	at org.testng.asserts.SoftAssert.assertAll(SoftAssert.java:30)
	at pages.AddContact.testToastMessage(AddContact.java:225)
	at tests.TC_003_AddContactTest.Toast_Message_Test(TC_003_AddContactTest.java:121)
	at java.base/jdk.internal.reflect.DirectMethodHandleAccessor.invoke(DirectMethodHandleAccessor.java:103)
	at java.base/java.lang.reflect.Method.invoke(Method.java:580)
	at org.testng.internal.invokers.MethodInvocationHelper.invokeMethod(MethodInvocationHelper.java:141)
	at org.testng.internal.invokers.TestInvoker.invokeMethod(TestInvoker.java:687)
	at org.testng.internal.invokers.TestInvoker.invokeTestMethod(TestInvoker.java:230)
	at org.testng.internal.invokers.MethodRunner.runInSequence(MethodRunner.java:63)
	at org.testng.internal.invokers.TestInvoker$MethodInvocationAgent.invoke(TestInvoker.java:995)
	at org.testng.internal.invokers.TestInvoker.invokeTestMethods(TestInvoker.java:203)
	at org.testng.internal.invokers.TestMethodWorker.invokeTestMethods(TestMethodWorker.java:154)
	at org.testng.internal.invokers.TestMethodWorker.run(TestMethodWorker.java:134)
	at java.base/java.util.ArrayList.forEach(ArrayList.java:1596)
	at org.testng.TestRunner.privateRun(TestRunner.java:741)
	at org.testng.TestRunner.run(TestRunner.java:616)
	at org.testng.SuiteRunner.runTest(SuiteRunner.java:421)
	at org.testng.SuiteRunner.runSequentially(SuiteRunner.java:413)
	at org.testng.SuiteRunner.privateRun(SuiteRunner.java:373)
	at org.testng.SuiteRunner.run(SuiteRunner.java:312)
	at org.testng.SuiteRunnerWorker.runSuite(SuiteRunnerWorker.java:52)
	at org.testng.SuiteRunnerWorker.run(SuiteRunnerWorker.java:95)
	at org.testng.TestNG.runSuitesSequentially(TestNG.java:1274)
	at org.testng.TestNG.runSuitesLocally(TestNG.java:1208)
	at org.testng.TestNG.runSuites(TestNG.java:1112)
	at org.testng.TestNG.run(TestNG.java:1079)
	at org.apache.maven.surefire.testng.TestNGExecutor.run(TestNGExecutor.java:308)
	at org.apache.maven.surefire.testng.TestNGXmlTestSuite.execute(TestNGXmlTestSuite.java:71)
	at org.apache.maven.surefire.testng.TestNGProvider.invoke(TestNGProvider.java:113)
	at org.apache.maven.surefire.booter.ForkedBooter.runSuitesInProcess(ForkedBooter.java:385)
	at org.apache.maven.surefire.booter.ForkedBooter.execute(ForkedBooter.java:162)
	at org.apache.maven.surefire.booter.ForkedBooter.run(ForkedBooter.java:507)
	at org.apache.maven.surefire.booter.ForkedBooter.main(ForkedBooter.java:495)
</pre></div></td>
<td>4</td>
<td>tests.TC_003_AddContactTest@6771beb3</td></tr>
<tr>
<td title='tests.TC_003_AddContactTest.Max_Character_Test()'><b>Max_Character_Test</b><br>Test class: tests.TC_003_AddContactTest</td>
<td><div><pre>java.lang.AssertionError: The following asserts failed:
	Field accepted more than 300 characters expected [true] but found [false]
	at pages.AddContact.Verify_MaxChar(AddContact.java:241)
	at tests.TC_003_AddContactTest.Max_Character_Test(TC_003_AddContactTest.java:132)
	at java.base/java.util.ArrayList.forEach(ArrayList.java:1596)
... Removed 31 stack frames</pre></div><a href='#' onClick='toggleBox("stack-trace967425740", this, "Click to show all stack frames", "Click to hide stack frames")'>Click to show all stack frames</a>
<div class='stack-trace' id='stack-trace967425740'><pre>java.lang.AssertionError: The following asserts failed:
	Field accepted more than 300 characters expected [true] but found [false]
	at org.testng.asserts.SoftAssert.assertAll(SoftAssert.java:46)
	at org.testng.asserts.SoftAssert.assertAll(SoftAssert.java:30)
	at pages.AddContact.Verify_MaxChar(AddContact.java:241)
	at tests.TC_003_AddContactTest.Max_Character_Test(TC_003_AddContactTest.java:132)
	at java.base/jdk.internal.reflect.DirectMethodHandleAccessor.invoke(DirectMethodHandleAccessor.java:103)
	at java.base/java.lang.reflect.Method.invoke(Method.java:580)
	at org.testng.internal.invokers.MethodInvocationHelper.invokeMethod(MethodInvocationHelper.java:141)
	at org.testng.internal.invokers.TestInvoker.invokeMethod(TestInvoker.java:687)
	at org.testng.internal.invokers.TestInvoker.invokeTestMethod(TestInvoker.java:230)
	at org.testng.internal.invokers.MethodRunner.runInSequence(MethodRunner.java:63)
	at org.testng.internal.invokers.TestInvoker$MethodInvocationAgent.invoke(TestInvoker.java:995)
	at org.testng.internal.invokers.TestInvoker.invokeTestMethods(TestInvoker.java:203)
	at org.testng.internal.invokers.TestMethodWorker.invokeTestMethods(TestMethodWorker.java:154)
	at org.testng.internal.invokers.TestMethodWorker.run(TestMethodWorker.java:134)
	at java.base/java.util.ArrayList.forEach(ArrayList.java:1596)
	at org.testng.TestRunner.privateRun(TestRunner.java:741)
	at org.testng.TestRunner.run(TestRunner.java:616)
	at org.testng.SuiteRunner.runTest(SuiteRunner.java:421)
	at org.testng.SuiteRunner.runSequentially(SuiteRunner.java:413)
	at org.testng.SuiteRunner.privateRun(SuiteRunner.java:373)
	at org.testng.SuiteRunner.run(SuiteRunner.java:312)
	at org.testng.SuiteRunnerWorker.runSuite(SuiteRunnerWorker.java:52)
	at org.testng.SuiteRunnerWorker.run(SuiteRunnerWorker.java:95)
	at org.testng.TestNG.runSuitesSequentially(TestNG.java:1274)
	at org.testng.TestNG.runSuitesLocally(TestNG.java:1208)
	at org.testng.TestNG.runSuites(TestNG.java:1112)
	at org.testng.TestNG.run(TestNG.java:1079)
	at org.apache.maven.surefire.testng.TestNGExecutor.run(TestNGExecutor.java:308)
	at org.apache.maven.surefire.testng.TestNGXmlTestSuite.execute(TestNGXmlTestSuite.java:71)
	at org.apache.maven.surefire.testng.TestNGProvider.invoke(TestNGProvider.java:113)
	at org.apache.maven.surefire.booter.ForkedBooter.runSuitesInProcess(ForkedBooter.java:385)
	at org.apache.maven.surefire.booter.ForkedBooter.execute(ForkedBooter.java:162)
	at org.apache.maven.surefire.booter.ForkedBooter.run(ForkedBooter.java:507)
	at org.apache.maven.surefire.booter.ForkedBooter.main(ForkedBooter.java:495)
</pre></div></td>
<td>2</td>
<td>tests.TC_003_AddContactTest@6771beb3</td></tr>
<tr>
<td title='tests.TC_003_AddContactTest.Navigtn_Security()'><b>Navigtn_Security</b><br>Test class: tests.TC_003_AddContactTest</td>
<td><div><pre>java.lang.AssertionError: The following asserts failed:
	TestCase Failed - User navigates directly to “contact-list” without logging in expected [false] but found [true]
	at pages.ContactList.Logout(ContactList.java:68)
	at tests.TC_003_AddContactTest.Navigtn_Security(TC_003_AddContactTest.java:88)
	at java.base/java.util.ArrayList.forEach(ArrayList.java:1596)
... Removed 31 stack frames</pre></div><a href='#' onClick='toggleBox("stack-trace1553886613", this, "Click to show all stack frames", "Click to hide stack frames")'>Click to show all stack frames</a>
<div class='stack-trace' id='stack-trace1553886613'><pre>java.lang.AssertionError: The following asserts failed:
	TestCase Failed - User navigates directly to “contact-list” without logging in expected [false] but found [true]
	at org.testng.asserts.SoftAssert.assertAll(SoftAssert.java:46)
	at org.testng.asserts.SoftAssert.assertAll(SoftAssert.java:30)
	at pages.ContactList.Logout(ContactList.java:68)
	at tests.TC_003_AddContactTest.Navigtn_Security(TC_003_AddContactTest.java:88)
	at java.base/jdk.internal.reflect.DirectMethodHandleAccessor.invoke(DirectMethodHandleAccessor.java:103)
	at java.base/java.lang.reflect.Method.invoke(Method.java:580)
	at org.testng.internal.invokers.MethodInvocationHelper.invokeMethod(MethodInvocationHelper.java:141)
	at org.testng.internal.invokers.TestInvoker.invokeMethod(TestInvoker.java:687)
	at org.testng.internal.invokers.TestInvoker.invokeTestMethod(TestInvoker.java:230)
	at org.testng.internal.invokers.MethodRunner.runInSequence(MethodRunner.java:63)
	at org.testng.internal.invokers.TestInvoker$MethodInvocationAgent.invoke(TestInvoker.java:995)
	at org.testng.internal.invokers.TestInvoker.invokeTestMethods(TestInvoker.java:203)
	at org.testng.internal.invokers.TestMethodWorker.invokeTestMethods(TestMethodWorker.java:154)
	at org.testng.internal.invokers.TestMethodWorker.run(TestMethodWorker.java:134)
	at java.base/java.util.ArrayList.forEach(ArrayList.java:1596)
	at org.testng.TestRunner.privateRun(TestRunner.java:741)
	at org.testng.TestRunner.run(TestRunner.java:616)
	at org.testng.SuiteRunner.runTest(SuiteRunner.java:421)
	at org.testng.SuiteRunner.runSequentially(SuiteRunner.java:413)
	at org.testng.SuiteRunner.privateRun(SuiteRunner.java:373)
	at org.testng.SuiteRunner.run(SuiteRunner.java:312)
	at org.testng.SuiteRunnerWorker.runSuite(SuiteRunnerWorker.java:52)
	at org.testng.SuiteRunnerWorker.run(SuiteRunnerWorker.java:95)
	at org.testng.TestNG.runSuitesSequentially(TestNG.java:1274)
	at org.testng.TestNG.runSuitesLocally(TestNG.java:1208)
	at org.testng.TestNG.runSuites(TestNG.java:1112)
	at org.testng.TestNG.run(TestNG.java:1079)
	at org.apache.maven.surefire.testng.TestNGExecutor.run(TestNGExecutor.java:308)
	at org.apache.maven.surefire.testng.TestNGXmlTestSuite.execute(TestNGXmlTestSuite.java:71)
	at org.apache.maven.surefire.testng.TestNGProvider.invoke(TestNGProvider.java:113)
	at org.apache.maven.surefire.booter.ForkedBooter.runSuitesInProcess(ForkedBooter.java:385)
	at org.apache.maven.surefire.booter.ForkedBooter.execute(ForkedBooter.java:162)
	at org.apache.maven.surefire.booter.ForkedBooter.run(ForkedBooter.java:507)
	at org.apache.maven.surefire.booter.ForkedBooter.main(ForkedBooter.java:495)
</pre></div></td>
<td>7</td>
<td>tests.TC_003_AddContactTest@6771beb3</td></tr>
<tr>
<td title='tests.TC_003_AddContactTest.backFeature_Test()'><b>backFeature_Test</b><br>Test class: tests.TC_003_AddContactTest</td>
<td><div><pre>java.lang.AssertionError: The following asserts failed:
	TestCase Failed - User can go back to contact-list page after Logout  expected [false] but found [true]
	at pages.ContactList.backFeature(ContactList.java:85)
	at tests.TC_003_AddContactTest.backFeature_Test(TC_003_AddContactTest.java:99)
	at java.base/java.util.ArrayList.forEach(ArrayList.java:1596)
... Removed 31 stack frames</pre></div><a href='#' onClick='toggleBox("stack-trace1562384731", this, "Click to show all stack frames", "Click to hide stack frames")'>Click to show all stack frames</a>
<div class='stack-trace' id='stack-trace1562384731'><pre>java.lang.AssertionError: The following asserts failed:
	TestCase Failed - User can go back to contact-list page after Logout  expected [false] but found [true]
	at org.testng.asserts.SoftAssert.assertAll(SoftAssert.java:46)
	at org.testng.asserts.SoftAssert.assertAll(SoftAssert.java:30)
	at pages.ContactList.backFeature(ContactList.java:85)
	at tests.TC_003_AddContactTest.backFeature_Test(TC_003_AddContactTest.java:99)
	at java.base/jdk.internal.reflect.DirectMethodHandleAccessor.invoke(DirectMethodHandleAccessor.java:103)
	at java.base/java.lang.reflect.Method.invoke(Method.java:580)
	at org.testng.internal.invokers.MethodInvocationHelper.invokeMethod(MethodInvocationHelper.java:141)
	at org.testng.internal.invokers.TestInvoker.invokeMethod(TestInvoker.java:687)
	at org.testng.internal.invokers.TestInvoker.invokeTestMethod(TestInvoker.java:230)
	at org.testng.internal.invokers.MethodRunner.runInSequence(MethodRunner.java:63)
	at org.testng.internal.invokers.TestInvoker$MethodInvocationAgent.invoke(TestInvoker.java:995)
	at org.testng.internal.invokers.TestInvoker.invokeTestMethods(TestInvoker.java:203)
	at org.testng.internal.invokers.TestMethodWorker.invokeTestMethods(TestMethodWorker.java:154)
	at org.testng.internal.invokers.TestMethodWorker.run(TestMethodWorker.java:134)
	at java.base/java.util.ArrayList.forEach(ArrayList.java:1596)
	at org.testng.TestRunner.privateRun(TestRunner.java:741)
	at org.testng.TestRunner.run(TestRunner.java:616)
	at org.testng.SuiteRunner.runTest(SuiteRunner.java:421)
	at org.testng.SuiteRunner.runSequentially(SuiteRunner.java:413)
	at org.testng.SuiteRunner.privateRun(SuiteRunner.java:373)
	at org.testng.SuiteRunner.run(SuiteRunner.java:312)
	at org.testng.SuiteRunnerWorker.runSuite(SuiteRunnerWorker.java:52)
	at org.testng.SuiteRunnerWorker.run(SuiteRunnerWorker.java:95)
	at org.testng.TestNG.runSuitesSequentially(TestNG.java:1274)
	at org.testng.TestNG.runSuitesLocally(TestNG.java:1208)
	at org.testng.TestNG.runSuites(TestNG.java:1112)
	at org.testng.TestNG.run(TestNG.java:1079)
	at org.apache.maven.surefire.testng.TestNGExecutor.run(TestNGExecutor.java:308)
	at org.apache.maven.surefire.testng.TestNGXmlTestSuite.execute(TestNGXmlTestSuite.java:71)
	at org.apache.maven.surefire.testng.TestNGProvider.invoke(TestNGProvider.java:113)
	at org.apache.maven.surefire.booter.ForkedBooter.runSuitesInProcess(ForkedBooter.java:385)
	at org.apache.maven.surefire.booter.ForkedBooter.execute(ForkedBooter.java:162)
	at org.apache.maven.surefire.booter.ForkedBooter.run(ForkedBooter.java:507)
	at org.apache.maven.surefire.booter.ForkedBooter.main(ForkedBooter.java:495)
</pre></div></td>
<td>3</td>
<td>tests.TC_003_AddContactTest@6771beb3</td></tr>
<tr>
<td title='tests.TC_003_AddContactTest.UI_Location_Test()'><b>UI_Location_Test</b><br>Test class: tests.TC_003_AddContactTest</td>
<td><div><pre>java.lang.AssertionError: The following asserts failed:
	First name and Last Name are misaligned expected [true] but found [false]
	at pages.AddContact.UI_Location(AddContact.java:204)
	at tests.TC_003_AddContactTest.UI_Location_Test(TC_003_AddContactTest.java:110)
	at java.base/java.util.ArrayList.forEach(ArrayList.java:1596)
... Removed 31 stack frames</pre></div><a href='#' onClick='toggleBox("stack-trace680034596", this, "Click to show all stack frames", "Click to hide stack frames")'>Click to show all stack frames</a>
<div class='stack-trace' id='stack-trace680034596'><pre>java.lang.AssertionError: The following asserts failed:
	First name and Last Name are misaligned expected [true] but found [false]
	at org.testng.asserts.SoftAssert.assertAll(SoftAssert.java:46)
	at org.testng.asserts.SoftAssert.assertAll(SoftAssert.java:30)
	at pages.AddContact.UI_Location(AddContact.java:204)
	at tests.TC_003_AddContactTest.UI_Location_Test(TC_003_AddContactTest.java:110)
	at java.base/jdk.internal.reflect.DirectMethodHandleAccessor.invoke(DirectMethodHandleAccessor.java:103)
	at java.base/java.lang.reflect.Method.invoke(Method.java:580)
	at org.testng.internal.invokers.MethodInvocationHelper.invokeMethod(MethodInvocationHelper.java:141)
	at org.testng.internal.invokers.TestInvoker.invokeMethod(TestInvoker.java:687)
	at org.testng.internal.invokers.TestInvoker.invokeTestMethod(TestInvoker.java:230)
	at org.testng.internal.invokers.MethodRunner.runInSequence(MethodRunner.java:63)
	at org.testng.internal.invokers.TestInvoker$MethodInvocationAgent.invoke(TestInvoker.java:995)
	at org.testng.internal.invokers.TestInvoker.invokeTestMethods(TestInvoker.java:203)
	at org.testng.internal.invokers.TestMethodWorker.invokeTestMethods(TestMethodWorker.java:154)
	at org.testng.internal.invokers.TestMethodWorker.run(TestMethodWorker.java:134)
	at java.base/java.util.ArrayList.forEach(ArrayList.java:1596)
	at org.testng.TestRunner.privateRun(TestRunner.java:741)
	at org.testng.TestRunner.run(TestRunner.java:616)
	at org.testng.SuiteRunner.runTest(SuiteRunner.java:421)
	at org.testng.SuiteRunner.runSequentially(SuiteRunner.java:413)
	at org.testng.SuiteRunner.privateRun(SuiteRunner.java:373)
	at org.testng.SuiteRunner.run(SuiteRunner.java:312)
	at org.testng.SuiteRunnerWorker.runSuite(SuiteRunnerWorker.java:52)
	at org.testng.SuiteRunnerWorker.run(SuiteRunnerWorker.java:95)
	at org.testng.TestNG.runSuitesSequentially(TestNG.java:1274)
	at org.testng.TestNG.runSuitesLocally(TestNG.java:1208)
	at org.testng.TestNG.runSuites(TestNG.java:1112)
	at org.testng.TestNG.run(TestNG.java:1079)
	at org.apache.maven.surefire.testng.TestNGExecutor.run(TestNGExecutor.java:308)
	at org.apache.maven.surefire.testng.TestNGXmlTestSuite.execute(TestNGXmlTestSuite.java:71)
	at org.apache.maven.surefire.testng.TestNGProvider.invoke(TestNGProvider.java:113)
	at org.apache.maven.surefire.booter.ForkedBooter.runSuitesInProcess(ForkedBooter.java:385)
	at org.apache.maven.surefire.booter.ForkedBooter.execute(ForkedBooter.java:162)
	at org.apache.maven.surefire.booter.ForkedBooter.run(ForkedBooter.java:507)
	at org.apache.maven.surefire.booter.ForkedBooter.main(ForkedBooter.java:495)
</pre></div></td>
<td>2</td>
<td>tests.TC_003_AddContactTest@6771beb3</td></tr>
</table><p>
<table width='100%' border='1' class='invocation-passed'>
<tr><td colspan='4' align='center'><b>PASSED TESTS</b></td></tr>
<tr><td><b>Test method</b></td>
<td><b>Attribute(s)</b></td>
<td width="30%"><b>Exception</b></td>
<td width="10%"><b>Time (seconds)</b></td>
<td><b>Instance</b></td>
</tr>
<tr>
<td title='tests.TC_002_LoginTest.LoginTest()'><b>LoginTest</b><br>Test class: tests.TC_002_LoginTest<br>Parameters: nandhini555@gmail.com, abcd123, false</td>
<td></td>
<td>5</td>
<td>tests.TC_002_LoginTest@5e0e82ae</td></tr>
<tr>
<td title='tests.TC_003_AddContactTest.AddContactTest()'><b>AddContactTest</b><br>Test class: tests.TC_003_AddContactTest<br>Parameters: Nandhini, Balakrishnan, 1992-01-28, nandhini555@gmail.com, 9597177550, 103/209_ER Road, VKL, Tiruppur, Tamilnadu, 638111, India, Duplicate credential</td>
<td></td>
<td>3</td>
<td>tests.TC_003_AddContactTest@6771beb3</td></tr>
<tr>
<td title='tests.TC_003_AddContactTest.Emoji_Verification_Test()'><b>Emoji_Verification_Test</b><br>Test class: tests.TC_003_AddContactTest</td>
<td></td>
<td>4</td>
<td>tests.TC_003_AddContactTest@6771beb3</td></tr>
<tr>
<td title='tests.TC_001_SignUpTest.signUpTest()'><b>signUpTest</b><br>Test class: tests.TC_001_SignUpTest<br>Parameters: , , , , </td>
<td></td>
<td>1</td>
<td>tests.TC_001_SignUpTest@443118b0</td></tr>
<tr>
<td title='tests.TC_003_AddContactTest.AddContactTest()'><b>AddContactTest</b><br>Test class: tests.TC_003_AddContactTest<br>Parameters: Nandhini, Balakrishnan, 1992-01-28, nandhini555@gmail.com, 9597177550, 103/209_ER Road, VKL, Tiruppur, Tamilnadu, 638111, India, Valid Credential</td>
<td></td>
<td>6</td>
<td>tests.TC_003_AddContactTest@6771beb3</td></tr>
<tr>
<td title='tests.TC_002_LoginTest.LoginTest()'><b>LoginTest</b><br>Test class: tests.TC_002_LoginTest<br>Parameters: nandhini555@gmail.com, Niki@121113, true</td>
<td></td>
<td>0</td>
<td>tests.TC_002_LoginTest@5e0e82ae</td></tr>
<tr>
<td title='tests.TC_001_SignUpTest.signUpTest()'><b>signUpTest</b><br>Test class: tests.TC_001_SignUpTest<br>Parameters: Nandhini, Balakrishnan, nandhini558@gmail.com, Niki@121113, EmailAddressAlreadyInUse</td>
<td></td>
<td>3</td>
<td>tests.TC_001_SignUpTest@443118b0</td></tr>
<tr>
<td title='tests.TC_001_SignUpTest.signUpTest()'><b>signUpTest</b><br>Test class: tests.TC_001_SignUpTest<br>Parameters: Nandhini, Balakrishnan, nandhini558@gmail.com, , PasswordRequired</td>
<td></td>
<td>3</td>
<td>tests.TC_001_SignUpTest@443118b0</td></tr>
<tr>
<td title='tests.TC_001_SignUpTest.signUpTest()'><b>signUpTest</b><br>Test class: tests.TC_001_SignUpTest<br>Parameters: Nandhini, Balakrishnan, , , EmailInvalidPassRequired</td>
<td></td>
<td>3</td>
<td>tests.TC_001_SignUpTest@443118b0</td></tr>
<tr>
<td title='tests.TC_001_SignUpTest.signUpTest()'><b>signUpTest</b><br>Test class: tests.TC_001_SignUpTest<br>Parameters: Nandhini, , nandhini558@gmail.com, Niki@121113, LastnameRequired</td>
<td></td>
<td>3</td>
<td>tests.TC_001_SignUpTest@443118b0</td></tr>
<tr>
<td title='tests.TC_002_LoginTest.passwordFieldMask()'><b>passwordFieldMask</b><br>Test class: tests.TC_002_LoginTest</td>
<td></td>
<td>0</td>
<td>tests.TC_002_LoginTest@5e0e82ae</td></tr>
<tr>
<td title='tests.TC_003_AddContactTest.Edit_Contact()'><b>Edit_Contact</b><br>Test class: tests.TC_003_AddContactTest</td>
<td></td>
<td>25</td>
<td>tests.TC_003_AddContactTest@6771beb3</td></tr>
<tr>
<td title='tests.TC_001_SignUpTest.signUpTest()'><b>signUpTest</b><br>Test class: tests.TC_001_SignUpTest<br>Parameters: Nandhini, Balakrishnan, name@name, Niki@121113, EmailInvalidFormat</td>
<td></td>
<td>3</td>
<td>tests.TC_001_SignUpTest@443118b0</td></tr>
<tr>
<td title='tests.TC_003_AddContactTest.AddContactTest()'><b>AddContactTest</b><br>Test class: tests.TC_003_AddContactTest<br>Parameters: , , 1992-01-28, nandhini555@gmail.com, 9597177550, 103/209_ER Road, VKL, Tiruppur, Tamilnadu, 638111, India, FirstNameAndLastName</td>
<td></td>
<td>5</td>
<td>tests.TC_003_AddContactTest@6771beb3</td></tr>
<tr>
<td title='tests.TC_003_AddContactTest.AddContactTest()'><b>AddContactTest</b><br>Test class: tests.TC_003_AddContactTest<br>Parameters: Nandhini, Balakrishnan, 1992-01-28, nandhini555@gmail.com, abcde, 103/209_ER Road, VKL, Tiruppur, Tamilnadu, 638111, India, PhoneNumber Invalid</td>
<td></td>
<td>5</td>
<td>tests.TC_003_AddContactTest@6771beb3</td></tr>
<tr>
<td title='tests.TC_001_SignUpTest.signUpTest()'><b>signUpTest</b><br>Test class: tests.TC_001_SignUpTest<br>Parameters: Nandhini, Balakrishnan, nandhini558@gmail.com, Niki@121113, ValidEmailValidPassword</td>
<td></td>
<td>1</td>
<td>tests.TC_001_SignUpTest@443118b0</td></tr>
<tr>
<td title='tests.TC_002_LoginTest.LoginTest()'><b>LoginTest</b><br>Test class: tests.TC_002_LoginTest<br>Parameters: , , false</td>
<td></td>
<td>5</td>
<td>tests.TC_002_LoginTest@5e0e82ae</td></tr>
<tr>
<td title='tests.TC_002_LoginTest.LoginTest()'><b>LoginTest</b><br>Test class: tests.TC_002_LoginTest<br>Parameters: user.com, Niki@121113, false</td>
<td></td>
<td>5</td>
<td>tests.TC_002_LoginTest@5e0e82ae</td></tr>
</table><p>
</body>
</html>