<?xml version="1.0" encoding="UTF-8"?>
<!-- Generated by org.testng.reporters.JUnitXMLReporter -->
<testsuite ignored="4" hostname="DESKTOP-MNGQGRB" failures="5" tests="23" name="ChromeTest" time="211.416" errors="0" timestamp="2025-07-06T14:31:54 IST">
  <testcase classname="tests.TC_001_SignUpTest" name="signUpTest" time="1.6"/>
  <testcase classname="tests.TC_001_SignUpTest" name="signUpTest" time="3.492"/>
  <testcase classname="tests.TC_001_SignUpTest" name="signUpTest" time="3.488"/>
  <testcase classname="tests.TC_001_SignUpTest" name="signUpTest" time="3.435"/>
  <testcase classname="tests.TC_001_SignUpTest" name="signUpTest" time="3.444"/>
  <testcase classname="tests.TC_001_SignUpTest" name="signUpTest" time="3.466"/>
  <testcase classname="tests.TC_001_SignUpTest" name="signUpTest" time="1.279"/>
  <testcase classname="tests.TC_002_LoginTest" name="LoginTest" time="0.562"/>
  <testcase classname="tests.TC_002_LoginTest" name="LoginTest" time="5.505"/>
  <testcase classname="tests.TC_002_LoginTest" name="LoginTest" time="5.454"/>
  <testcase classname="tests.TC_002_LoginTest" name="LoginTest" time="5.518"/>
  <testcase classname="tests.TC_002_LoginTest" name="passwordFieldMask" time="0.063"/>
  <testcase classname="tests.TC_003_AddContactTest" name="AddContactTest" time="6.13"/>
  <testcase classname="tests.TC_003_AddContactTest" name="AddContactTest" time="5.643"/>
  <testcase classname="tests.TC_003_AddContactTest" name="AddContactTest" time="5.799"/>
  <testcase classname="tests.TC_003_AddContactTest" name="AddContactTest" time="3.76"/>
  <testcase classname="tests.TC_003_AddContactTest" name="Edit_Contact" time="25.677"/>
  <testcase classname="tests.TC_003_AddContactTest" name="Navigtn_Security" time="7.794">
    <failure type="java.lang.AssertionError" message="The following asserts failed:
	TestCase Failed - User navigates directly to “contact-list” without logging in expected [false] but found [true]">
      <![CDATA[java.lang.AssertionError: The following asserts failed:
TestCase Failed - User navigates directly to “contact-list” without logging in expected [false] but found [true]
at pages.ContactList.Logout(ContactList.java:68)
at tests.TC_003_AddContactTest.Navigtn_Security(TC_003_AddContactTest.java:88)
at java.base/java.util.ArrayList.forEach(ArrayList.java:1596)
... Removed 31 stack frames]]>
    </failure>
  </testcase> <!-- Navigtn_Security -->
  <testcase classname="tests.TC_003_AddContactTest" name="backFeature_Test" time="3.965">
    <failure type="java.lang.AssertionError" message="The following asserts failed:
	TestCase Failed - User can go back to contact-list page after Logout  expected [false] but found [true]">
      <![CDATA[java.lang.AssertionError: The following asserts failed:
TestCase Failed - User can go back to contact-list page after Logout  expected [false] but found [true]
at pages.ContactList.backFeature(ContactList.java:85)
at tests.TC_003_AddContactTest.backFeature_Test(TC_003_AddContactTest.java:99)
at java.base/java.util.ArrayList.forEach(ArrayList.java:1596)
... Removed 31 stack frames]]>
    </failure>
  </testcase> <!-- backFeature_Test -->
  <testcase classname="tests.TC_003_AddContactTest" name="UI_Location_Test" time="2.235">
    <failure type="java.lang.AssertionError" message="The following asserts failed:
	First name and Last Name are misaligned expected [true] but found [false]">
      <![CDATA[java.lang.AssertionError: The following asserts failed:
First name and Last Name are misaligned expected [true] but found [false]
at pages.AddContact.UI_Location(AddContact.java:204)
at tests.TC_003_AddContactTest.UI_Location_Test(TC_003_AddContactTest.java:110)
at java.base/java.util.ArrayList.forEach(ArrayList.java:1596)
... Removed 31 stack frames]]>
    </failure>
  </testcase> <!-- UI_Location_Test -->
  <testcase classname="tests.TC_003_AddContactTest" name="Toast_Message_Test" time="4.845">
    <failure type="java.lang.AssertionError" message="The following asserts failed:
	No success/Toast Message Shown expected [true] but found [false]">
      <![CDATA[java.lang.AssertionError: The following asserts failed:
No success/Toast Message Shown expected [true] but found [false]
at pages.AddContact.testToastMessage(AddContact.java:225)
at tests.TC_003_AddContactTest.Toast_Message_Test(TC_003_AddContactTest.java:121)
at java.base/java.util.ArrayList.forEach(ArrayList.java:1596)
... Removed 31 stack frames]]>
    </failure>
  </testcase> <!-- Toast_Message_Test -->
  <testcase classname="tests.TC_003_AddContactTest" name="Max_Character_Test" time="2.937">
    <failure type="java.lang.AssertionError" message="The following asserts failed:
	Field accepted more than 300 characters expected [true] but found [false]">
      <![CDATA[java.lang.AssertionError: The following asserts failed:
Field accepted more than 300 characters expected [true] but found [false]
at pages.AddContact.Verify_MaxChar(AddContact.java:241)
at tests.TC_003_AddContactTest.Max_Character_Test(TC_003_AddContactTest.java:132)
at java.base/java.util.ArrayList.forEach(ArrayList.java:1596)
... Removed 31 stack frames]]>
    </failure>
  </testcase> <!-- Max_Character_Test -->
  <testcase classname="tests.TC_003_AddContactTest" name="Emoji_Verification_Test" time="4.011"/>
  <testcase classname="base.ProjectSpecificationMethods" name="@AfterSuite closeReport" time="0.0">
    <ignored/>
  </testcase> <!-- @AfterSuite closeReport -->
  <testcase classname="base.ProjectSpecificationMethods" name="@BeforeSuite createReport" time="0.0">
    <ignored/>
  </testcase> <!-- @BeforeSuite createReport -->
  <testcase classname="base.ProjectSpecificationMethods" name="@BeforeSuite createReport" time="0.0">
    <ignored/>
  </testcase> <!-- @BeforeSuite createReport -->
  <testcase classname="base.ProjectSpecificationMethods" name="@AfterSuite closeReport" time="0.0">
    <ignored/>
  </testcase> <!-- @AfterSuite closeReport -->
</testsuite> <!-- ChromeTest -->
