<?xml version="1.0" encoding="UTF-8"?>
<testng-results ignored="0" total="23" passed="18" failed="5" skipped="0">
  <reporter-output>
  </reporter-output>
  <suite started-at="2025-07-06T14:28:23 IST" name="Suite" finished-at="2025-07-06T14:31:54 IST" duration-ms="211416">
    <groups>
    </groups>
    <test started-at="2025-07-06T14:28:23 IST" name="ChromeTest" finished-at="2025-07-06T14:31:54 IST" duration-ms="211416">
      <class name="tests.TC_001_SignUpTest">
        <test-method is-config="true" signature="createReport()[pri:0, instance:tests.TC_001_SignUpTest@443118b0]" started-at="2025-07-06T14:28:22 IST" name="createReport" finished-at="2025-07-06T14:28:23 IST" duration-ms="572" status="PASS">
          <reporter-output>
          </reporter-output>
        </test-method> <!-- createReport -->
        <test-method is-config="true" signature="DataCon()[pri:0, instance:tests.TC_001_SignUpTest@443118b0]" started-at="2025-07-06T14:28:23 IST" name="DataCon" finished-at="2025-07-06T14:28:23 IST" duration-ms="52" status="PASS">
          <reporter-output>
          </reporter-output>
        </test-method> <!-- DataCon -->
        <test-method is-config="true" signature="testDetails()[pri:0, instance:tests.TC_001_SignUpTest@443118b0]" started-at="2025-07-06T14:28:23 IST" name="testDetails" finished-at="2025-07-06T14:28:23 IST" duration-ms="24" status="PASS">
          <reporter-output>
          </reporter-output>
        </test-method> <!-- testDetails -->
        <test-method is-config="true" signature="browserLaunchAndUrlLoad(java.lang.String,java.lang.String)[pri:0, instance:tests.TC_001_SignUpTest@443118b0]" started-at="2025-07-06T14:28:25 IST" name="browserLaunchAndUrlLoad" finished-at="2025-07-06T14:28:34 IST" duration-ms="9412" status="PASS">
          <params>
            <param index="0">
              <value>
                <![CDATA[chrome]]>
              </value>
            </param>
            <param index="1">
              <value>
                <![CDATA[https://thinking-tester-contact-list.herokuapp.com/]]>
              </value>
            </param>
          </params>
          <reporter-output>
          </reporter-output>
        </test-method> <!-- browserLaunchAndUrlLoad -->
        <test-method signature="signUpTest(java.lang.String,java.lang.String,java.lang.String,java.lang.String,java.lang.String)[pri:0, instance:tests.TC_001_SignUpTest@443118b0]" started-at="2025-07-06T14:28:34 IST" name="signUpTest" data-provider="readData" finished-at="2025-07-06T14:28:36 IST" duration-ms="1600" status="PASS">
          <params>
            <param index="0">
              <value>
                <![CDATA[Nandhini]]>
              </value>
            </param>
            <param index="1">
              <value>
                <![CDATA[Balakrishnan]]>
              </value>
            </param>
            <param index="2">
              <value>
                <![CDATA[nandhini558@gmail.com]]>
              </value>
            </param>
            <param index="3">
              <value>
                <![CDATA[Niki@121113]]>
              </value>
            </param>
            <param index="4">
              <value>
                <![CDATA[ValidEmailValidPassword]]>
              </value>
            </param>
          </params>
          <reporter-output>
          </reporter-output>
        </test-method> <!-- signUpTest -->
        <test-method is-config="true" signature="closeBrowser()[pri:0, instance:tests.TC_001_SignUpTest@443118b0]" started-at="2025-07-06T14:28:36 IST" name="closeBrowser" finished-at="2025-07-06T14:28:37 IST" duration-ms="532" status="PASS">
          <reporter-output>
          </reporter-output>
        </test-method> <!-- closeBrowser -->
        <test-method is-config="true" signature="browserLaunchAndUrlLoad(java.lang.String,java.lang.String)[pri:0, instance:tests.TC_001_SignUpTest@443118b0]" started-at="2025-07-06T14:28:37 IST" name="browserLaunchAndUrlLoad" finished-at="2025-07-06T14:28:40 IST" duration-ms="3453" status="PASS">
          <params>
            <param index="0">
              <value>
                <![CDATA[chrome]]>
              </value>
            </param>
            <param index="1">
              <value>
                <![CDATA[https://thinking-tester-contact-list.herokuapp.com/]]>
              </value>
            </param>
          </params>
          <reporter-output>
          </reporter-output>
        </test-method> <!-- browserLaunchAndUrlLoad -->
        <test-method signature="signUpTest(java.lang.String,java.lang.String,java.lang.String,java.lang.String,java.lang.String)[pri:0, instance:tests.TC_001_SignUpTest@443118b0]" started-at="2025-07-06T14:28:40 IST" name="signUpTest" data-provider="readData" finished-at="2025-07-06T14:28:44 IST" duration-ms="3492" status="PASS">
          <params>
            <param index="0">
              <value>
                <![CDATA[Nandhini]]>
              </value>
            </param>
            <param index="1">
              <value>
                <![CDATA[Balakrishnan]]>
              </value>
            </param>
            <param index="2">
              <value>
                <![CDATA[nandhini558@gmail.com]]>
              </value>
            </param>
            <param index="3">
              <value>
                <![CDATA[Niki@121113]]>
              </value>
            </param>
            <param index="4">
              <value>
                <![CDATA[EmailAddressAlreadyInUse]]>
              </value>
            </param>
          </params>
          <reporter-output>
          </reporter-output>
        </test-method> <!-- signUpTest -->
        <test-method is-config="true" signature="closeBrowser()[pri:0, instance:tests.TC_001_SignUpTest@443118b0]" started-at="2025-07-06T14:28:44 IST" name="closeBrowser" finished-at="2025-07-06T14:28:46 IST" duration-ms="1898" status="PASS">
          <reporter-output>
          </reporter-output>
        </test-method> <!-- closeBrowser -->
        <test-method is-config="true" signature="browserLaunchAndUrlLoad(java.lang.String,java.lang.String)[pri:0, instance:tests.TC_001_SignUpTest@443118b0]" started-at="2025-07-06T14:28:46 IST" name="browserLaunchAndUrlLoad" finished-at="2025-07-06T14:28:50 IST" duration-ms="3759" status="PASS">
          <params>
            <param index="0">
              <value>
                <![CDATA[chrome]]>
              </value>
            </param>
            <param index="1">
              <value>
                <![CDATA[https://thinking-tester-contact-list.herokuapp.com/]]>
              </value>
            </param>
          </params>
          <reporter-output>
          </reporter-output>
        </test-method> <!-- browserLaunchAndUrlLoad -->
        <test-method signature="signUpTest(java.lang.String,java.lang.String,java.lang.String,java.lang.String,java.lang.String)[pri:0, instance:tests.TC_001_SignUpTest@443118b0]" started-at="2025-07-06T14:28:50 IST" name="signUpTest" data-provider="readData" finished-at="2025-07-06T14:28:53 IST" duration-ms="3488" status="PASS">
          <params>
            <param index="0">
              <value>
                <![CDATA[Nandhini]]>
              </value>
            </param>
            <param index="1">
              <value>
                <![CDATA[Balakrishnan]]>
              </value>
            </param>
            <param index="2">
              <value>
                <![CDATA[]]>
              </value>
            </param>
            <param index="3">
              <value>
                <![CDATA[]]>
              </value>
            </param>
            <param index="4">
              <value>
                <![CDATA[EmailInvalidPassRequired]]>
              </value>
            </param>
          </params>
          <reporter-output>
          </reporter-output>
        </test-method> <!-- signUpTest -->
        <test-method is-config="true" signature="closeBrowser()[pri:0, instance:tests.TC_001_SignUpTest@443118b0]" started-at="2025-07-06T14:28:53 IST" name="closeBrowser" finished-at="2025-07-06T14:28:54 IST" duration-ms="365" status="PASS">
          <reporter-output>
          </reporter-output>
        </test-method> <!-- closeBrowser -->
        <test-method is-config="true" signature="browserLaunchAndUrlLoad(java.lang.String,java.lang.String)[pri:0, instance:tests.TC_001_SignUpTest@443118b0]" started-at="2025-07-06T14:28:54 IST" name="browserLaunchAndUrlLoad" finished-at="2025-07-06T14:28:57 IST" duration-ms="3382" status="PASS">
          <params>
            <param index="0">
              <value>
                <![CDATA[chrome]]>
              </value>
            </param>
            <param index="1">
              <value>
                <![CDATA[https://thinking-tester-contact-list.herokuapp.com/]]>
              </value>
            </param>
          </params>
          <reporter-output>
          </reporter-output>
        </test-method> <!-- browserLaunchAndUrlLoad -->
        <test-method signature="signUpTest(java.lang.String,java.lang.String,java.lang.String,java.lang.String,java.lang.String)[pri:0, instance:tests.TC_001_SignUpTest@443118b0]" started-at="2025-07-06T14:28:57 IST" name="signUpTest" data-provider="readData" finished-at="2025-07-06T14:29:00 IST" duration-ms="3435" status="PASS">
          <params>
            <param index="0">
              <value>
                <![CDATA[Nandhini]]>
              </value>
            </param>
            <param index="1">
              <value>
                <![CDATA[]]>
              </value>
            </param>
            <param index="2">
              <value>
                <![CDATA[nandhini558@gmail.com]]>
              </value>
            </param>
            <param index="3">
              <value>
                <![CDATA[Niki@121113]]>
              </value>
            </param>
            <param index="4">
              <value>
                <![CDATA[LastnameRequired]]>
              </value>
            </param>
          </params>
          <reporter-output>
          </reporter-output>
        </test-method> <!-- signUpTest -->
        <test-method is-config="true" signature="closeBrowser()[pri:0, instance:tests.TC_001_SignUpTest@443118b0]" started-at="2025-07-06T14:29:00 IST" name="closeBrowser" finished-at="2025-07-06T14:29:01 IST" duration-ms="439" status="PASS">
          <reporter-output>
          </reporter-output>
        </test-method> <!-- closeBrowser -->
        <test-method is-config="true" signature="browserLaunchAndUrlLoad(java.lang.String,java.lang.String)[pri:0, instance:tests.TC_001_SignUpTest@443118b0]" started-at="2025-07-06T14:29:01 IST" name="browserLaunchAndUrlLoad" finished-at="2025-07-06T14:29:04 IST" duration-ms="3399" status="PASS">
          <params>
            <param index="0">
              <value>
                <![CDATA[chrome]]>
              </value>
            </param>
            <param index="1">
              <value>
                <![CDATA[https://thinking-tester-contact-list.herokuapp.com/]]>
              </value>
            </param>
          </params>
          <reporter-output>
          </reporter-output>
        </test-method> <!-- browserLaunchAndUrlLoad -->
        <test-method signature="signUpTest(java.lang.String,java.lang.String,java.lang.String,java.lang.String,java.lang.String)[pri:0, instance:tests.TC_001_SignUpTest@443118b0]" started-at="2025-07-06T14:29:04 IST" name="signUpTest" data-provider="readData" finished-at="2025-07-06T14:29:08 IST" duration-ms="3444" status="PASS">
          <params>
            <param index="0">
              <value>
                <![CDATA[Nandhini]]>
              </value>
            </param>
            <param index="1">
              <value>
                <![CDATA[Balakrishnan]]>
              </value>
            </param>
            <param index="2">
              <value>
                <![CDATA[name@name]]>
              </value>
            </param>
            <param index="3">
              <value>
                <![CDATA[Niki@121113]]>
              </value>
            </param>
            <param index="4">
              <value>
                <![CDATA[EmailInvalidFormat]]>
              </value>
            </param>
          </params>
          <reporter-output>
          </reporter-output>
        </test-method> <!-- signUpTest -->
        <test-method is-config="true" signature="closeBrowser()[pri:0, instance:tests.TC_001_SignUpTest@443118b0]" started-at="2025-07-06T14:29:08 IST" name="closeBrowser" finished-at="2025-07-06T14:29:08 IST" duration-ms="346" status="PASS">
          <reporter-output>
          </reporter-output>
        </test-method> <!-- closeBrowser -->
        <test-method is-config="true" signature="browserLaunchAndUrlLoad(java.lang.String,java.lang.String)[pri:0, instance:tests.TC_001_SignUpTest@443118b0]" started-at="2025-07-06T14:29:08 IST" name="browserLaunchAndUrlLoad" finished-at="2025-07-06T14:29:12 IST" duration-ms="3314" status="PASS">
          <params>
            <param index="0">
              <value>
                <![CDATA[chrome]]>
              </value>
            </param>
            <param index="1">
              <value>
                <![CDATA[https://thinking-tester-contact-list.herokuapp.com/]]>
              </value>
            </param>
          </params>
          <reporter-output>
          </reporter-output>
        </test-method> <!-- browserLaunchAndUrlLoad -->
        <test-method signature="signUpTest(java.lang.String,java.lang.String,java.lang.String,java.lang.String,java.lang.String)[pri:0, instance:tests.TC_001_SignUpTest@443118b0]" started-at="2025-07-06T14:29:12 IST" name="signUpTest" data-provider="readData" finished-at="2025-07-06T14:29:15 IST" duration-ms="3466" status="PASS">
          <params>
            <param index="0">
              <value>
                <![CDATA[Nandhini]]>
              </value>
            </param>
            <param index="1">
              <value>
                <![CDATA[Balakrishnan]]>
              </value>
            </param>
            <param index="2">
              <value>
                <![CDATA[nandhini558@gmail.com]]>
              </value>
            </param>
            <param index="3">
              <value>
                <![CDATA[]]>
              </value>
            </param>
            <param index="4">
              <value>
                <![CDATA[PasswordRequired]]>
              </value>
            </param>
          </params>
          <reporter-output>
          </reporter-output>
        </test-method> <!-- signUpTest -->
        <test-method is-config="true" signature="closeBrowser()[pri:0, instance:tests.TC_001_SignUpTest@443118b0]" started-at="2025-07-06T14:29:15 IST" name="closeBrowser" finished-at="2025-07-06T14:29:15 IST" duration-ms="322" status="PASS">
          <reporter-output>
          </reporter-output>
        </test-method> <!-- closeBrowser -->
        <test-method is-config="true" signature="browserLaunchAndUrlLoad(java.lang.String,java.lang.String)[pri:0, instance:tests.TC_001_SignUpTest@443118b0]" started-at="2025-07-06T14:29:15 IST" name="browserLaunchAndUrlLoad" finished-at="2025-07-06T14:29:19 IST" duration-ms="3388" status="PASS">
          <params>
            <param index="0">
              <value>
                <![CDATA[chrome]]>
              </value>
            </param>
            <param index="1">
              <value>
                <![CDATA[https://thinking-tester-contact-list.herokuapp.com/]]>
              </value>
            </param>
          </params>
          <reporter-output>
          </reporter-output>
        </test-method> <!-- browserLaunchAndUrlLoad -->
        <test-method signature="signUpTest(java.lang.String,java.lang.String,java.lang.String,java.lang.String,java.lang.String)[pri:0, instance:tests.TC_001_SignUpTest@443118b0]" started-at="2025-07-06T14:29:19 IST" name="signUpTest" data-provider="readData" finished-at="2025-07-06T14:29:20 IST" duration-ms="1279" status="PASS">
          <params>
            <param index="0">
              <value>
                <![CDATA[]]>
              </value>
            </param>
            <param index="1">
              <value>
                <![CDATA[]]>
              </value>
            </param>
            <param index="2">
              <value>
                <![CDATA[]]>
              </value>
            </param>
            <param index="3">
              <value>
                <![CDATA[]]>
              </value>
            </param>
            <param index="4">
              <value>
                <![CDATA[]]>
              </value>
            </param>
          </params>
          <reporter-output>
          </reporter-output>
        </test-method> <!-- signUpTest -->
        <test-method is-config="true" signature="closeBrowser()[pri:0, instance:tests.TC_001_SignUpTest@443118b0]" started-at="2025-07-06T14:29:20 IST" name="closeBrowser" finished-at="2025-07-06T14:29:21 IST" duration-ms="316" status="PASS">
          <reporter-output>
          </reporter-output>
        </test-method> <!-- closeBrowser -->
        <test-method is-config="true" signature="DataConClose()[pri:0, instance:tests.TC_001_SignUpTest@443118b0]" started-at="2025-07-06T14:31:54 IST" name="DataConClose" finished-at="2025-07-06T14:31:54 IST" duration-ms="3" status="PASS">
          <reporter-output>
          </reporter-output>
        </test-method> <!-- DataConClose -->
        <test-method is-config="true" signature="closeReport()[pri:0, instance:tests.TC_001_SignUpTest@443118b0]" started-at="2025-07-06T14:31:54 IST" name="closeReport" finished-at="2025-07-06T14:31:55 IST" duration-ms="632" status="PASS">
          <reporter-output>
          </reporter-output>
        </test-method> <!-- closeReport -->
      </class> <!-- tests.TC_001_SignUpTest -->
      <class name="tests.TC_003_AddContactTest">
        <test-method is-config="true" signature="DataCon()[pri:0, instance:tests.TC_003_AddContactTest@6771beb3]" started-at="2025-07-06T14:28:23 IST" name="DataCon" finished-at="2025-07-06T14:28:23 IST" duration-ms="4" status="PASS">
          <reporter-output>
          </reporter-output>
        </test-method> <!-- DataCon -->
        <test-method is-config="true" signature="testDetails()[pri:0, instance:tests.TC_003_AddContactTest@6771beb3]" started-at="2025-07-06T14:29:58 IST" name="testDetails" finished-at="2025-07-06T14:29:58 IST" duration-ms="1" status="PASS">
          <reporter-output>
          </reporter-output>
        </test-method> <!-- testDetails -->
        <test-method is-config="true" signature="browserLaunchAndUrlLoad(java.lang.String,java.lang.String)[pri:0, instance:tests.TC_003_AddContactTest@6771beb3]" started-at="2025-07-06T14:29:58 IST" name="browserLaunchAndUrlLoad" finished-at="2025-07-06T14:30:01 IST" duration-ms="3306" status="PASS">
          <params>
            <param index="0">
              <value>
                <![CDATA[chrome]]>
              </value>
            </param>
            <param index="1">
              <value>
                <![CDATA[https://thinking-tester-contact-list.herokuapp.com/]]>
              </value>
            </param>
          </params>
          <reporter-output>
          </reporter-output>
        </test-method> <!-- browserLaunchAndUrlLoad -->
        <test-method signature="AddContactTest(java.lang.String,java.lang.String,java.lang.String,java.lang.String,java.lang.String,java.lang.String,java.lang.String,java.lang.String,java.lang.String,java.lang.String,java.lang.String,java.lang.String)[pri:0, instance:tests.TC_003_AddContactTest@6771beb3]" started-at="2025-07-06T14:30:01 IST" name="AddContactTest" data-provider="readData" finished-at="2025-07-06T14:30:07 IST" duration-ms="6130" status="PASS">
          <params>
            <param index="0">
              <value>
                <![CDATA[Nandhini]]>
              </value>
            </param>
            <param index="1">
              <value>
                <![CDATA[Balakrishnan]]>
              </value>
            </param>
            <param index="2">
              <value>
                <![CDATA[1992-01-28]]>
              </value>
            </param>
            <param index="3">
              <value>
                <![CDATA[nandhini555@gmail.com]]>
              </value>
            </param>
            <param index="4">
              <value>
                <![CDATA[9597177550]]>
              </value>
            </param>
            <param index="5">
              <value>
                <![CDATA[103/209_ER Road]]>
              </value>
            </param>
            <param index="6">
              <value>
                <![CDATA[VKL]]>
              </value>
            </param>
            <param index="7">
              <value>
                <![CDATA[Tiruppur]]>
              </value>
            </param>
            <param index="8">
              <value>
                <![CDATA[Tamilnadu]]>
              </value>
            </param>
            <param index="9">
              <value>
                <![CDATA[638111]]>
              </value>
            </param>
            <param index="10">
              <value>
                <![CDATA[India]]>
              </value>
            </param>
            <param index="11">
              <value>
                <![CDATA[Valid Credential]]>
              </value>
            </param>
          </params>
          <reporter-output>
          </reporter-output>
        </test-method> <!-- AddContactTest -->
        <test-method is-config="true" signature="closeBrowser()[pri:0, instance:tests.TC_003_AddContactTest@6771beb3]" started-at="2025-07-06T14:30:08 IST" name="closeBrowser" finished-at="2025-07-06T14:30:08 IST" duration-ms="348" status="PASS">
          <reporter-output>
          </reporter-output>
        </test-method> <!-- closeBrowser -->
        <test-method is-config="true" signature="browserLaunchAndUrlLoad(java.lang.String,java.lang.String)[pri:0, instance:tests.TC_003_AddContactTest@6771beb3]" started-at="2025-07-06T14:30:08 IST" name="browserLaunchAndUrlLoad" finished-at="2025-07-06T14:30:11 IST" duration-ms="3182" status="PASS">
          <params>
            <param index="0">
              <value>
                <![CDATA[chrome]]>
              </value>
            </param>
            <param index="1">
              <value>
                <![CDATA[https://thinking-tester-contact-list.herokuapp.com/]]>
              </value>
            </param>
          </params>
          <reporter-output>
          </reporter-output>
        </test-method> <!-- browserLaunchAndUrlLoad -->
        <test-method signature="AddContactTest(java.lang.String,java.lang.String,java.lang.String,java.lang.String,java.lang.String,java.lang.String,java.lang.String,java.lang.String,java.lang.String,java.lang.String,java.lang.String,java.lang.String)[pri:0, instance:tests.TC_003_AddContactTest@6771beb3]" started-at="2025-07-06T14:30:11 IST" name="AddContactTest" data-provider="readData" finished-at="2025-07-06T14:30:17 IST" duration-ms="5643" status="PASS">
          <params>
            <param index="0">
              <value>
                <![CDATA[]]>
              </value>
            </param>
            <param index="1">
              <value>
                <![CDATA[]]>
              </value>
            </param>
            <param index="2">
              <value>
                <![CDATA[1992-01-28]]>
              </value>
            </param>
            <param index="3">
              <value>
                <![CDATA[nandhini555@gmail.com]]>
              </value>
            </param>
            <param index="4">
              <value>
                <![CDATA[9597177550]]>
              </value>
            </param>
            <param index="5">
              <value>
                <![CDATA[103/209_ER Road]]>
              </value>
            </param>
            <param index="6">
              <value>
                <![CDATA[VKL]]>
              </value>
            </param>
            <param index="7">
              <value>
                <![CDATA[Tiruppur]]>
              </value>
            </param>
            <param index="8">
              <value>
                <![CDATA[Tamilnadu]]>
              </value>
            </param>
            <param index="9">
              <value>
                <![CDATA[638111]]>
              </value>
            </param>
            <param index="10">
              <value>
                <![CDATA[India]]>
              </value>
            </param>
            <param index="11">
              <value>
                <![CDATA[FirstNameAndLastName]]>
              </value>
            </param>
          </params>
          <reporter-output>
          </reporter-output>
        </test-method> <!-- AddContactTest -->
        <test-method is-config="true" signature="closeBrowser()[pri:0, instance:tests.TC_003_AddContactTest@6771beb3]" started-at="2025-07-06T14:30:17 IST" name="closeBrowser" finished-at="2025-07-06T14:30:17 IST" duration-ms="349" status="PASS">
          <reporter-output>
          </reporter-output>
        </test-method> <!-- closeBrowser -->
        <test-method is-config="true" signature="browserLaunchAndUrlLoad(java.lang.String,java.lang.String)[pri:0, instance:tests.TC_003_AddContactTest@6771beb3]" started-at="2025-07-06T14:30:17 IST" name="browserLaunchAndUrlLoad" finished-at="2025-07-06T14:30:21 IST" duration-ms="3557" status="PASS">
          <params>
            <param index="0">
              <value>
                <![CDATA[chrome]]>
              </value>
            </param>
            <param index="1">
              <value>
                <![CDATA[https://thinking-tester-contact-list.herokuapp.com/]]>
              </value>
            </param>
          </params>
          <reporter-output>
          </reporter-output>
        </test-method> <!-- browserLaunchAndUrlLoad -->
        <test-method signature="AddContactTest(java.lang.String,java.lang.String,java.lang.String,java.lang.String,java.lang.String,java.lang.String,java.lang.String,java.lang.String,java.lang.String,java.lang.String,java.lang.String,java.lang.String)[pri:0, instance:tests.TC_003_AddContactTest@6771beb3]" started-at="2025-07-06T14:30:21 IST" name="AddContactTest" data-provider="readData" finished-at="2025-07-06T14:30:27 IST" duration-ms="5799" status="PASS">
          <params>
            <param index="0">
              <value>
                <![CDATA[Nandhini]]>
              </value>
            </param>
            <param index="1">
              <value>
                <![CDATA[Balakrishnan]]>
              </value>
            </param>
            <param index="2">
              <value>
                <![CDATA[1992-01-28]]>
              </value>
            </param>
            <param index="3">
              <value>
                <![CDATA[nandhini555@gmail.com]]>
              </value>
            </param>
            <param index="4">
              <value>
                <![CDATA[abcde]]>
              </value>
            </param>
            <param index="5">
              <value>
                <![CDATA[103/209_ER Road]]>
              </value>
            </param>
            <param index="6">
              <value>
                <![CDATA[VKL]]>
              </value>
            </param>
            <param index="7">
              <value>
                <![CDATA[Tiruppur]]>
              </value>
            </param>
            <param index="8">
              <value>
                <![CDATA[Tamilnadu]]>
              </value>
            </param>
            <param index="9">
              <value>
                <![CDATA[638111]]>
              </value>
            </param>
            <param index="10">
              <value>
                <![CDATA[India]]>
              </value>
            </param>
            <param index="11">
              <value>
                <![CDATA[PhoneNumber Invalid]]>
              </value>
            </param>
          </params>
          <reporter-output>
          </reporter-output>
        </test-method> <!-- AddContactTest -->
        <test-method is-config="true" signature="closeBrowser()[pri:0, instance:tests.TC_003_AddContactTest@6771beb3]" started-at="2025-07-06T14:30:27 IST" name="closeBrowser" finished-at="2025-07-06T14:30:27 IST" duration-ms="305" status="PASS">
          <reporter-output>
          </reporter-output>
        </test-method> <!-- closeBrowser -->
        <test-method is-config="true" signature="browserLaunchAndUrlLoad(java.lang.String,java.lang.String)[pri:0, instance:tests.TC_003_AddContactTest@6771beb3]" started-at="2025-07-06T14:30:27 IST" name="browserLaunchAndUrlLoad" finished-at="2025-07-06T14:30:30 IST" duration-ms="3087" status="PASS">
          <params>
            <param index="0">
              <value>
                <![CDATA[chrome]]>
              </value>
            </param>
            <param index="1">
              <value>
                <![CDATA[https://thinking-tester-contact-list.herokuapp.com/]]>
              </value>
            </param>
          </params>
          <reporter-output>
          </reporter-output>
        </test-method> <!-- browserLaunchAndUrlLoad -->
        <test-method signature="AddContactTest(java.lang.String,java.lang.String,java.lang.String,java.lang.String,java.lang.String,java.lang.String,java.lang.String,java.lang.String,java.lang.String,java.lang.String,java.lang.String,java.lang.String)[pri:0, instance:tests.TC_003_AddContactTest@6771beb3]" started-at="2025-07-06T14:30:30 IST" name="AddContactTest" data-provider="readData" finished-at="2025-07-06T14:30:34 IST" duration-ms="3760" status="PASS">
          <params>
            <param index="0">
              <value>
                <![CDATA[Nandhini]]>
              </value>
            </param>
            <param index="1">
              <value>
                <![CDATA[Balakrishnan]]>
              </value>
            </param>
            <param index="2">
              <value>
                <![CDATA[1992-01-28]]>
              </value>
            </param>
            <param index="3">
              <value>
                <![CDATA[nandhini555@gmail.com]]>
              </value>
            </param>
            <param index="4">
              <value>
                <![CDATA[9597177550]]>
              </value>
            </param>
            <param index="5">
              <value>
                <![CDATA[103/209_ER Road]]>
              </value>
            </param>
            <param index="6">
              <value>
                <![CDATA[VKL]]>
              </value>
            </param>
            <param index="7">
              <value>
                <![CDATA[Tiruppur]]>
              </value>
            </param>
            <param index="8">
              <value>
                <![CDATA[Tamilnadu]]>
              </value>
            </param>
            <param index="9">
              <value>
                <![CDATA[638111]]>
              </value>
            </param>
            <param index="10">
              <value>
                <![CDATA[India]]>
              </value>
            </param>
            <param index="11">
              <value>
                <![CDATA[Duplicate credential]]>
              </value>
            </param>
          </params>
          <reporter-output>
          </reporter-output>
        </test-method> <!-- AddContactTest -->
        <test-method is-config="true" signature="closeBrowser()[pri:0, instance:tests.TC_003_AddContactTest@6771beb3]" started-at="2025-07-06T14:30:34 IST" name="closeBrowser" finished-at="2025-07-06T14:30:34 IST" duration-ms="321" status="PASS">
          <reporter-output>
          </reporter-output>
        </test-method> <!-- closeBrowser -->
        <test-method is-config="true" signature="browserLaunchAndUrlLoad(java.lang.String,java.lang.String)[pri:0, instance:tests.TC_003_AddContactTest@6771beb3]" started-at="2025-07-06T14:30:34 IST" name="browserLaunchAndUrlLoad" finished-at="2025-07-06T14:30:38 IST" duration-ms="3284" status="PASS">
          <params>
            <param index="0">
              <value>
                <![CDATA[chrome]]>
              </value>
            </param>
            <param index="1">
              <value>
                <![CDATA[https://thinking-tester-contact-list.herokuapp.com/]]>
              </value>
            </param>
          </params>
          <reporter-output>
          </reporter-output>
        </test-method> <!-- browserLaunchAndUrlLoad -->
        <test-method signature="Edit_Contact()[pri:1, instance:tests.TC_003_AddContactTest@6771beb3]" started-at="2025-07-06T14:30:38 IST" name="Edit_Contact" finished-at="2025-07-06T14:31:03 IST" duration-ms="25677" status="PASS">
          <reporter-output>
          </reporter-output>
        </test-method> <!-- Edit_Contact -->
        <test-method is-config="true" signature="closeBrowser()[pri:0, instance:tests.TC_003_AddContactTest@6771beb3]" started-at="2025-07-06T14:31:04 IST" name="closeBrowser" finished-at="2025-07-06T14:31:04 IST" duration-ms="574" status="PASS">
          <reporter-output>
          </reporter-output>
        </test-method> <!-- closeBrowser -->
        <test-method is-config="true" signature="browserLaunchAndUrlLoad(java.lang.String,java.lang.String)[pri:0, instance:tests.TC_003_AddContactTest@6771beb3]" started-at="2025-07-06T14:31:04 IST" name="browserLaunchAndUrlLoad" finished-at="2025-07-06T14:31:08 IST" duration-ms="3327" status="PASS">
          <params>
            <param index="0">
              <value>
                <![CDATA[chrome]]>
              </value>
            </param>
            <param index="1">
              <value>
                <![CDATA[https://thinking-tester-contact-list.herokuapp.com/]]>
              </value>
            </param>
          </params>
          <reporter-output>
          </reporter-output>
        </test-method> <!-- browserLaunchAndUrlLoad -->
        <test-method signature="Navigtn_Security()[pri:2, instance:tests.TC_003_AddContactTest@6771beb3]" started-at="2025-07-06T14:31:08 IST" name="Navigtn_Security" finished-at="2025-07-06T14:31:15 IST" duration-ms="7794" status="FAIL">
          <exception class="java.lang.AssertionError">
            <message>
              <![CDATA[The following asserts failed:
TestCase Failed - User navigates directly to “contact-list” without logging in expected [false] but found [true]]]>
            </message>
            <full-stacktrace>
              <![CDATA[java.lang.AssertionError: The following asserts failed:
TestCase Failed - User navigates directly to “contact-list” without logging in expected [false] but found [true]
at org.testng.asserts.SoftAssert.assertAll(SoftAssert.java:46)
at org.testng.asserts.SoftAssert.assertAll(SoftAssert.java:30)
at pages.ContactList.Logout(ContactList.java:68)
at tests.TC_003_AddContactTest.Navigtn_Security(TC_003_AddContactTest.java:88)
at java.base/jdk.internal.reflect.DirectMethodHandleAccessor.invoke(DirectMethodHandleAccessor.java:103)
at java.base/java.lang.reflect.Method.invoke(Method.java:580)
at org.testng.internal.invokers.MethodInvocationHelper.invokeMethod(MethodInvocationHelper.java:141)
at org.testng.internal.invokers.TestInvoker.invokeMethod(TestInvoker.java:687)
at org.testng.internal.invokers.TestInvoker.invokeTestMethod(TestInvoker.java:230)
at org.testng.internal.invokers.MethodRunner.runInSequence(MethodRunner.java:63)
at org.testng.internal.invokers.TestInvoker$MethodInvocationAgent.invoke(TestInvoker.java:995)
at org.testng.internal.invokers.TestInvoker.invokeTestMethods(TestInvoker.java:203)
at org.testng.internal.invokers.TestMethodWorker.invokeTestMethods(TestMethodWorker.java:154)
at org.testng.internal.invokers.TestMethodWorker.run(TestMethodWorker.java:134)
at java.base/java.util.ArrayList.forEach(ArrayList.java:1596)
at org.testng.TestRunner.privateRun(TestRunner.java:741)
at org.testng.TestRunner.run(TestRunner.java:616)
at org.testng.SuiteRunner.runTest(SuiteRunner.java:421)
at org.testng.SuiteRunner.runSequentially(SuiteRunner.java:413)
at org.testng.SuiteRunner.privateRun(SuiteRunner.java:373)
at org.testng.SuiteRunner.run(SuiteRunner.java:312)
at org.testng.SuiteRunnerWorker.runSuite(SuiteRunnerWorker.java:52)
at org.testng.SuiteRunnerWorker.run(SuiteRunnerWorker.java:95)
at org.testng.TestNG.runSuitesSequentially(TestNG.java:1274)
at org.testng.TestNG.runSuitesLocally(TestNG.java:1208)
at org.testng.TestNG.runSuites(TestNG.java:1112)
at org.testng.TestNG.run(TestNG.java:1079)
at org.apache.maven.surefire.testng.TestNGExecutor.run(TestNGExecutor.java:308)
at org.apache.maven.surefire.testng.TestNGXmlTestSuite.execute(TestNGXmlTestSuite.java:71)
at org.apache.maven.surefire.testng.TestNGProvider.invoke(TestNGProvider.java:113)
at org.apache.maven.surefire.booter.ForkedBooter.runSuitesInProcess(ForkedBooter.java:385)
at org.apache.maven.surefire.booter.ForkedBooter.execute(ForkedBooter.java:162)
at org.apache.maven.surefire.booter.ForkedBooter.run(ForkedBooter.java:507)
at org.apache.maven.surefire.booter.ForkedBooter.main(ForkedBooter.java:495)
]]>
            </full-stacktrace>
          </exception> <!-- java.lang.AssertionError -->
          <reporter-output>
          </reporter-output>
        </test-method> <!-- Navigtn_Security -->
        <test-method is-config="true" signature="closeBrowser()[pri:0, instance:tests.TC_003_AddContactTest@6771beb3]" started-at="2025-07-06T14:31:16 IST" name="closeBrowser" finished-at="2025-07-06T14:31:16 IST" duration-ms="416" status="PASS">
          <reporter-output>
          </reporter-output>
        </test-method> <!-- closeBrowser -->
        <test-method is-config="true" signature="browserLaunchAndUrlLoad(java.lang.String,java.lang.String)[pri:0, instance:tests.TC_003_AddContactTest@6771beb3]" started-at="2025-07-06T14:31:16 IST" name="browserLaunchAndUrlLoad" finished-at="2025-07-06T14:31:19 IST" duration-ms="3288" status="PASS">
          <params>
            <param index="0">
              <value>
                <![CDATA[chrome]]>
              </value>
            </param>
            <param index="1">
              <value>
                <![CDATA[https://thinking-tester-contact-list.herokuapp.com/]]>
              </value>
            </param>
          </params>
          <reporter-output>
          </reporter-output>
        </test-method> <!-- browserLaunchAndUrlLoad -->
        <test-method signature="backFeature_Test()[pri:3, instance:tests.TC_003_AddContactTest@6771beb3]" started-at="2025-07-06T14:31:19 IST" name="backFeature_Test" finished-at="2025-07-06T14:31:23 IST" duration-ms="3965" status="FAIL">
          <exception class="java.lang.AssertionError">
            <message>
              <![CDATA[The following asserts failed:
TestCase Failed - User can go back to contact-list page after Logout  expected [false] but found [true]]]>
            </message>
            <full-stacktrace>
              <![CDATA[java.lang.AssertionError: The following asserts failed:
TestCase Failed - User can go back to contact-list page after Logout  expected [false] but found [true]
at org.testng.asserts.SoftAssert.assertAll(SoftAssert.java:46)
at org.testng.asserts.SoftAssert.assertAll(SoftAssert.java:30)
at pages.ContactList.backFeature(ContactList.java:85)
at tests.TC_003_AddContactTest.backFeature_Test(TC_003_AddContactTest.java:99)
at java.base/jdk.internal.reflect.DirectMethodHandleAccessor.invoke(DirectMethodHandleAccessor.java:103)
at java.base/java.lang.reflect.Method.invoke(Method.java:580)
at org.testng.internal.invokers.MethodInvocationHelper.invokeMethod(MethodInvocationHelper.java:141)
at org.testng.internal.invokers.TestInvoker.invokeMethod(TestInvoker.java:687)
at org.testng.internal.invokers.TestInvoker.invokeTestMethod(TestInvoker.java:230)
at org.testng.internal.invokers.MethodRunner.runInSequence(MethodRunner.java:63)
at org.testng.internal.invokers.TestInvoker$MethodInvocationAgent.invoke(TestInvoker.java:995)
at org.testng.internal.invokers.TestInvoker.invokeTestMethods(TestInvoker.java:203)
at org.testng.internal.invokers.TestMethodWorker.invokeTestMethods(TestMethodWorker.java:154)
at org.testng.internal.invokers.TestMethodWorker.run(TestMethodWorker.java:134)
at java.base/java.util.ArrayList.forEach(ArrayList.java:1596)
at org.testng.TestRunner.privateRun(TestRunner.java:741)
at org.testng.TestRunner.run(TestRunner.java:616)
at org.testng.SuiteRunner.runTest(SuiteRunner.java:421)
at org.testng.SuiteRunner.runSequentially(SuiteRunner.java:413)
at org.testng.SuiteRunner.privateRun(SuiteRunner.java:373)
at org.testng.SuiteRunner.run(SuiteRunner.java:312)
at org.testng.SuiteRunnerWorker.runSuite(SuiteRunnerWorker.java:52)
at org.testng.SuiteRunnerWorker.run(SuiteRunnerWorker.java:95)
at org.testng.TestNG.runSuitesSequentially(TestNG.java:1274)
at org.testng.TestNG.runSuitesLocally(TestNG.java:1208)
at org.testng.TestNG.runSuites(TestNG.java:1112)
at org.testng.TestNG.run(TestNG.java:1079)
at org.apache.maven.surefire.testng.TestNGExecutor.run(TestNGExecutor.java:308)
at org.apache.maven.surefire.testng.TestNGXmlTestSuite.execute(TestNGXmlTestSuite.java:71)
at org.apache.maven.surefire.testng.TestNGProvider.invoke(TestNGProvider.java:113)
at org.apache.maven.surefire.booter.ForkedBooter.runSuitesInProcess(ForkedBooter.java:385)
at org.apache.maven.surefire.booter.ForkedBooter.execute(ForkedBooter.java:162)
at org.apache.maven.surefire.booter.ForkedBooter.run(ForkedBooter.java:507)
at org.apache.maven.surefire.booter.ForkedBooter.main(ForkedBooter.java:495)
]]>
            </full-stacktrace>
          </exception> <!-- java.lang.AssertionError -->
          <reporter-output>
          </reporter-output>
        </test-method> <!-- backFeature_Test -->
        <test-method is-config="true" signature="closeBrowser()[pri:0, instance:tests.TC_003_AddContactTest@6771beb3]" started-at="2025-07-06T14:31:23 IST" name="closeBrowser" finished-at="2025-07-06T14:31:24 IST" duration-ms="412" status="PASS">
          <reporter-output>
          </reporter-output>
        </test-method> <!-- closeBrowser -->
        <test-method is-config="true" signature="browserLaunchAndUrlLoad(java.lang.String,java.lang.String)[pri:0, instance:tests.TC_003_AddContactTest@6771beb3]" started-at="2025-07-06T14:31:24 IST" name="browserLaunchAndUrlLoad" finished-at="2025-07-06T14:31:27 IST" duration-ms="3689" status="PASS">
          <params>
            <param index="0">
              <value>
                <![CDATA[chrome]]>
              </value>
            </param>
            <param index="1">
              <value>
                <![CDATA[https://thinking-tester-contact-list.herokuapp.com/]]>
              </value>
            </param>
          </params>
          <reporter-output>
          </reporter-output>
        </test-method> <!-- browserLaunchAndUrlLoad -->
        <test-method signature="UI_Location_Test()[pri:4, instance:tests.TC_003_AddContactTest@6771beb3]" started-at="2025-07-06T14:31:27 IST" name="UI_Location_Test" finished-at="2025-07-06T14:31:30 IST" duration-ms="2235" status="FAIL">
          <exception class="java.lang.AssertionError">
            <message>
              <![CDATA[The following asserts failed:
First name and Last Name are misaligned expected [true] but found [false]]]>
            </message>
            <full-stacktrace>
              <![CDATA[java.lang.AssertionError: The following asserts failed:
First name and Last Name are misaligned expected [true] but found [false]
at org.testng.asserts.SoftAssert.assertAll(SoftAssert.java:46)
at org.testng.asserts.SoftAssert.assertAll(SoftAssert.java:30)
at pages.AddContact.UI_Location(AddContact.java:204)
at tests.TC_003_AddContactTest.UI_Location_Test(TC_003_AddContactTest.java:110)
at java.base/jdk.internal.reflect.DirectMethodHandleAccessor.invoke(DirectMethodHandleAccessor.java:103)
at java.base/java.lang.reflect.Method.invoke(Method.java:580)
at org.testng.internal.invokers.MethodInvocationHelper.invokeMethod(MethodInvocationHelper.java:141)
at org.testng.internal.invokers.TestInvoker.invokeMethod(TestInvoker.java:687)
at org.testng.internal.invokers.TestInvoker.invokeTestMethod(TestInvoker.java:230)
at org.testng.internal.invokers.MethodRunner.runInSequence(MethodRunner.java:63)
at org.testng.internal.invokers.TestInvoker$MethodInvocationAgent.invoke(TestInvoker.java:995)
at org.testng.internal.invokers.TestInvoker.invokeTestMethods(TestInvoker.java:203)
at org.testng.internal.invokers.TestMethodWorker.invokeTestMethods(TestMethodWorker.java:154)
at org.testng.internal.invokers.TestMethodWorker.run(TestMethodWorker.java:134)
at java.base/java.util.ArrayList.forEach(ArrayList.java:1596)
at org.testng.TestRunner.privateRun(TestRunner.java:741)
at org.testng.TestRunner.run(TestRunner.java:616)
at org.testng.SuiteRunner.runTest(SuiteRunner.java:421)
at org.testng.SuiteRunner.runSequentially(SuiteRunner.java:413)
at org.testng.SuiteRunner.privateRun(SuiteRunner.java:373)
at org.testng.SuiteRunner.run(SuiteRunner.java:312)
at org.testng.SuiteRunnerWorker.runSuite(SuiteRunnerWorker.java:52)
at org.testng.SuiteRunnerWorker.run(SuiteRunnerWorker.java:95)
at org.testng.TestNG.runSuitesSequentially(TestNG.java:1274)
at org.testng.TestNG.runSuitesLocally(TestNG.java:1208)
at org.testng.TestNG.runSuites(TestNG.java:1112)
at org.testng.TestNG.run(TestNG.java:1079)
at org.apache.maven.surefire.testng.TestNGExecutor.run(TestNGExecutor.java:308)
at org.apache.maven.surefire.testng.TestNGXmlTestSuite.execute(TestNGXmlTestSuite.java:71)
at org.apache.maven.surefire.testng.TestNGProvider.invoke(TestNGProvider.java:113)
at org.apache.maven.surefire.booter.ForkedBooter.runSuitesInProcess(ForkedBooter.java:385)
at org.apache.maven.surefire.booter.ForkedBooter.execute(ForkedBooter.java:162)
at org.apache.maven.surefire.booter.ForkedBooter.run(ForkedBooter.java:507)
at org.apache.maven.surefire.booter.ForkedBooter.main(ForkedBooter.java:495)
]]>
            </full-stacktrace>
          </exception> <!-- java.lang.AssertionError -->
          <reporter-output>
          </reporter-output>
        </test-method> <!-- UI_Location_Test -->
        <test-method is-config="true" signature="closeBrowser()[pri:0, instance:tests.TC_003_AddContactTest@6771beb3]" started-at="2025-07-06T14:31:30 IST" name="closeBrowser" finished-at="2025-07-06T14:31:30 IST" duration-ms="408" status="PASS">
          <reporter-output>
          </reporter-output>
        </test-method> <!-- closeBrowser -->
        <test-method is-config="true" signature="browserLaunchAndUrlLoad(java.lang.String,java.lang.String)[pri:0, instance:tests.TC_003_AddContactTest@6771beb3]" started-at="2025-07-06T14:31:30 IST" name="browserLaunchAndUrlLoad" finished-at="2025-07-06T14:31:33 IST" duration-ms="3071" status="PASS">
          <params>
            <param index="0">
              <value>
                <![CDATA[chrome]]>
              </value>
            </param>
            <param index="1">
              <value>
                <![CDATA[https://thinking-tester-contact-list.herokuapp.com/]]>
              </value>
            </param>
          </params>
          <reporter-output>
          </reporter-output>
        </test-method> <!-- browserLaunchAndUrlLoad -->
        <test-method signature="Toast_Message_Test()[pri:5, instance:tests.TC_003_AddContactTest@6771beb3]" started-at="2025-07-06T14:31:33 IST" name="Toast_Message_Test" finished-at="2025-07-06T14:31:38 IST" duration-ms="4845" status="FAIL">
          <exception class="java.lang.AssertionError">
            <message>
              <![CDATA[The following asserts failed:
No success/Toast Message Shown expected [true] but found [false]]]>
            </message>
            <full-stacktrace>
              <![CDATA[java.lang.AssertionError: The following asserts failed:
No success/Toast Message Shown expected [true] but found [false]
at org.testng.asserts.SoftAssert.assertAll(SoftAssert.java:46)
at org.testng.asserts.SoftAssert.assertAll(SoftAssert.java:30)
at pages.AddContact.testToastMessage(AddContact.java:225)
at tests.TC_003_AddContactTest.Toast_Message_Test(TC_003_AddContactTest.java:121)
at java.base/jdk.internal.reflect.DirectMethodHandleAccessor.invoke(DirectMethodHandleAccessor.java:103)
at java.base/java.lang.reflect.Method.invoke(Method.java:580)
at org.testng.internal.invokers.MethodInvocationHelper.invokeMethod(MethodInvocationHelper.java:141)
at org.testng.internal.invokers.TestInvoker.invokeMethod(TestInvoker.java:687)
at org.testng.internal.invokers.TestInvoker.invokeTestMethod(TestInvoker.java:230)
at org.testng.internal.invokers.MethodRunner.runInSequence(MethodRunner.java:63)
at org.testng.internal.invokers.TestInvoker$MethodInvocationAgent.invoke(TestInvoker.java:995)
at org.testng.internal.invokers.TestInvoker.invokeTestMethods(TestInvoker.java:203)
at org.testng.internal.invokers.TestMethodWorker.invokeTestMethods(TestMethodWorker.java:154)
at org.testng.internal.invokers.TestMethodWorker.run(TestMethodWorker.java:134)
at java.base/java.util.ArrayList.forEach(ArrayList.java:1596)
at org.testng.TestRunner.privateRun(TestRunner.java:741)
at org.testng.TestRunner.run(TestRunner.java:616)
at org.testng.SuiteRunner.runTest(SuiteRunner.java:421)
at org.testng.SuiteRunner.runSequentially(SuiteRunner.java:413)
at org.testng.SuiteRunner.privateRun(SuiteRunner.java:373)
at org.testng.SuiteRunner.run(SuiteRunner.java:312)
at org.testng.SuiteRunnerWorker.runSuite(SuiteRunnerWorker.java:52)
at org.testng.SuiteRunnerWorker.run(SuiteRunnerWorker.java:95)
at org.testng.TestNG.runSuitesSequentially(TestNG.java:1274)
at org.testng.TestNG.runSuitesLocally(TestNG.java:1208)
at org.testng.TestNG.runSuites(TestNG.java:1112)
at org.testng.TestNG.run(TestNG.java:1079)
at org.apache.maven.surefire.testng.TestNGExecutor.run(TestNGExecutor.java:308)
at org.apache.maven.surefire.testng.TestNGXmlTestSuite.execute(TestNGXmlTestSuite.java:71)
at org.apache.maven.surefire.testng.TestNGProvider.invoke(TestNGProvider.java:113)
at org.apache.maven.surefire.booter.ForkedBooter.runSuitesInProcess(ForkedBooter.java:385)
at org.apache.maven.surefire.booter.ForkedBooter.execute(ForkedBooter.java:162)
at org.apache.maven.surefire.booter.ForkedBooter.run(ForkedBooter.java:507)
at org.apache.maven.surefire.booter.ForkedBooter.main(ForkedBooter.java:495)
]]>
            </full-stacktrace>
          </exception> <!-- java.lang.AssertionError -->
          <reporter-output>
          </reporter-output>
        </test-method> <!-- Toast_Message_Test -->
        <test-method is-config="true" signature="closeBrowser()[pri:0, instance:tests.TC_003_AddContactTest@6771beb3]" started-at="2025-07-06T14:31:38 IST" name="closeBrowser" finished-at="2025-07-06T14:31:39 IST" duration-ms="300" status="PASS">
          <reporter-output>
          </reporter-output>
        </test-method> <!-- closeBrowser -->
        <test-method is-config="true" signature="browserLaunchAndUrlLoad(java.lang.String,java.lang.String)[pri:0, instance:tests.TC_003_AddContactTest@6771beb3]" started-at="2025-07-06T14:31:39 IST" name="browserLaunchAndUrlLoad" finished-at="2025-07-06T14:31:42 IST" duration-ms="3335" status="PASS">
          <params>
            <param index="0">
              <value>
                <![CDATA[chrome]]>
              </value>
            </param>
            <param index="1">
              <value>
                <![CDATA[https://thinking-tester-contact-list.herokuapp.com/]]>
              </value>
            </param>
          </params>
          <reporter-output>
          </reporter-output>
        </test-method> <!-- browserLaunchAndUrlLoad -->
        <test-method signature="Max_Character_Test()[pri:6, instance:tests.TC_003_AddContactTest@6771beb3]" started-at="2025-07-06T14:31:42 IST" name="Max_Character_Test" finished-at="2025-07-06T14:31:45 IST" duration-ms="2937" status="FAIL">
          <exception class="java.lang.AssertionError">
            <message>
              <![CDATA[The following asserts failed:
Field accepted more than 300 characters expected [true] but found [false]]]>
            </message>
            <full-stacktrace>
              <![CDATA[java.lang.AssertionError: The following asserts failed:
Field accepted more than 300 characters expected [true] but found [false]
at org.testng.asserts.SoftAssert.assertAll(SoftAssert.java:46)
at org.testng.asserts.SoftAssert.assertAll(SoftAssert.java:30)
at pages.AddContact.Verify_MaxChar(AddContact.java:241)
at tests.TC_003_AddContactTest.Max_Character_Test(TC_003_AddContactTest.java:132)
at java.base/jdk.internal.reflect.DirectMethodHandleAccessor.invoke(DirectMethodHandleAccessor.java:103)
at java.base/java.lang.reflect.Method.invoke(Method.java:580)
at org.testng.internal.invokers.MethodInvocationHelper.invokeMethod(MethodInvocationHelper.java:141)
at org.testng.internal.invokers.TestInvoker.invokeMethod(TestInvoker.java:687)
at org.testng.internal.invokers.TestInvoker.invokeTestMethod(TestInvoker.java:230)
at org.testng.internal.invokers.MethodRunner.runInSequence(MethodRunner.java:63)
at org.testng.internal.invokers.TestInvoker$MethodInvocationAgent.invoke(TestInvoker.java:995)
at org.testng.internal.invokers.TestInvoker.invokeTestMethods(TestInvoker.java:203)
at org.testng.internal.invokers.TestMethodWorker.invokeTestMethods(TestMethodWorker.java:154)
at org.testng.internal.invokers.TestMethodWorker.run(TestMethodWorker.java:134)
at java.base/java.util.ArrayList.forEach(ArrayList.java:1596)
at org.testng.TestRunner.privateRun(TestRunner.java:741)
at org.testng.TestRunner.run(TestRunner.java:616)
at org.testng.SuiteRunner.runTest(SuiteRunner.java:421)
at org.testng.SuiteRunner.runSequentially(SuiteRunner.java:413)
at org.testng.SuiteRunner.privateRun(SuiteRunner.java:373)
at org.testng.SuiteRunner.run(SuiteRunner.java:312)
at org.testng.SuiteRunnerWorker.runSuite(SuiteRunnerWorker.java:52)
at org.testng.SuiteRunnerWorker.run(SuiteRunnerWorker.java:95)
at org.testng.TestNG.runSuitesSequentially(TestNG.java:1274)
at org.testng.TestNG.runSuitesLocally(TestNG.java:1208)
at org.testng.TestNG.runSuites(TestNG.java:1112)
at org.testng.TestNG.run(TestNG.java:1079)
at org.apache.maven.surefire.testng.TestNGExecutor.run(TestNGExecutor.java:308)
at org.apache.maven.surefire.testng.TestNGXmlTestSuite.execute(TestNGXmlTestSuite.java:71)
at org.apache.maven.surefire.testng.TestNGProvider.invoke(TestNGProvider.java:113)
at org.apache.maven.surefire.booter.ForkedBooter.runSuitesInProcess(ForkedBooter.java:385)
at org.apache.maven.surefire.booter.ForkedBooter.execute(ForkedBooter.java:162)
at org.apache.maven.surefire.booter.ForkedBooter.run(ForkedBooter.java:507)
at org.apache.maven.surefire.booter.ForkedBooter.main(ForkedBooter.java:495)
]]>
            </full-stacktrace>
          </exception> <!-- java.lang.AssertionError -->
          <reporter-output>
          </reporter-output>
        </test-method> <!-- Max_Character_Test -->
        <test-method is-config="true" signature="closeBrowser()[pri:0, instance:tests.TC_003_AddContactTest@6771beb3]" started-at="2025-07-06T14:31:45 IST" name="closeBrowser" finished-at="2025-07-06T14:31:46 IST" duration-ms="410" status="PASS">
          <reporter-output>
          </reporter-output>
        </test-method> <!-- closeBrowser -->
        <test-method is-config="true" signature="browserLaunchAndUrlLoad(java.lang.String,java.lang.String)[pri:0, instance:tests.TC_003_AddContactTest@6771beb3]" started-at="2025-07-06T14:31:46 IST" name="browserLaunchAndUrlLoad" finished-at="2025-07-06T14:31:50 IST" duration-ms="3939" status="PASS">
          <params>
            <param index="0">
              <value>
                <![CDATA[chrome]]>
              </value>
            </param>
            <param index="1">
              <value>
                <![CDATA[https://thinking-tester-contact-list.herokuapp.com/]]>
              </value>
            </param>
          </params>
          <reporter-output>
          </reporter-output>
        </test-method> <!-- browserLaunchAndUrlLoad -->
        <test-method signature="Emoji_Verification_Test()[pri:7, instance:tests.TC_003_AddContactTest@6771beb3]" started-at="2025-07-06T14:31:50 IST" name="Emoji_Verification_Test" finished-at="2025-07-06T14:31:54 IST" duration-ms="4011" status="PASS">
          <reporter-output>
          </reporter-output>
        </test-method> <!-- Emoji_Verification_Test -->
        <test-method is-config="true" signature="closeBrowser()[pri:0, instance:tests.TC_003_AddContactTest@6771beb3]" started-at="2025-07-06T14:31:54 IST" name="closeBrowser" finished-at="2025-07-06T14:31:54 IST" duration-ms="395" status="PASS">
          <reporter-output>
          </reporter-output>
        </test-method> <!-- closeBrowser -->
        <test-method is-config="true" signature="DataConClose()[pri:0, instance:tests.TC_003_AddContactTest@6771beb3]" started-at="2025-07-06T14:31:54 IST" name="DataConClose" finished-at="2025-07-06T14:31:54 IST" duration-ms="1" status="PASS">
          <reporter-output>
          </reporter-output>
        </test-method> <!-- DataConClose -->
      </class> <!-- tests.TC_003_AddContactTest -->
      <class name="tests.TC_002_LoginTest">
        <test-method is-config="true" signature="DataCon()[pri:0, instance:tests.TC_002_LoginTest@5e0e82ae]" started-at="2025-07-06T14:28:23 IST" name="DataCon" finished-at="2025-07-06T14:28:23 IST" duration-ms="20" status="PASS">
          <reporter-output>
          </reporter-output>
        </test-method> <!-- DataCon -->
        <test-method is-config="true" signature="testDetails()[pri:0, instance:tests.TC_002_LoginTest@5e0e82ae]" started-at="2025-07-06T14:29:21 IST" name="testDetails" finished-at="2025-07-06T14:29:21 IST" duration-ms="2" status="PASS">
          <reporter-output>
          </reporter-output>
        </test-method> <!-- testDetails -->
        <test-method is-config="true" signature="browserLaunchAndUrlLoad(java.lang.String,java.lang.String)[pri:0, instance:tests.TC_002_LoginTest@5e0e82ae]" started-at="2025-07-06T14:29:21 IST" name="browserLaunchAndUrlLoad" finished-at="2025-07-06T14:29:24 IST" duration-ms="3434" status="PASS">
          <params>
            <param index="0">
              <value>
                <![CDATA[chrome]]>
              </value>
            </param>
            <param index="1">
              <value>
                <![CDATA[https://thinking-tester-contact-list.herokuapp.com/]]>
              </value>
            </param>
          </params>
          <reporter-output>
          </reporter-output>
        </test-method> <!-- browserLaunchAndUrlLoad -->
        <test-method signature="LoginTest(java.lang.String,java.lang.String,java.lang.String)[pri:0, instance:tests.TC_002_LoginTest@5e0e82ae]" started-at="2025-07-06T14:29:24 IST" name="LoginTest" data-provider="readData" finished-at="2025-07-06T14:29:25 IST" duration-ms="562" status="PASS">
          <params>
            <param index="0">
              <value>
                <![CDATA[nandhini555@gmail.com]]>
              </value>
            </param>
            <param index="1">
              <value>
                <![CDATA[Niki@121113]]>
              </value>
            </param>
            <param index="2">
              <value>
                <![CDATA[true]]>
              </value>
            </param>
          </params>
          <reporter-output>
          </reporter-output>
        </test-method> <!-- LoginTest -->
        <test-method is-config="true" signature="closeBrowser()[pri:0, instance:tests.TC_002_LoginTest@5e0e82ae]" started-at="2025-07-06T14:29:25 IST" name="closeBrowser" finished-at="2025-07-06T14:29:26 IST" duration-ms="373" status="PASS">
          <reporter-output>
          </reporter-output>
        </test-method> <!-- closeBrowser -->
        <test-method is-config="true" signature="browserLaunchAndUrlLoad(java.lang.String,java.lang.String)[pri:0, instance:tests.TC_002_LoginTest@5e0e82ae]" started-at="2025-07-06T14:29:26 IST" name="browserLaunchAndUrlLoad" finished-at="2025-07-06T14:29:29 IST" duration-ms="3535" status="PASS">
          <params>
            <param index="0">
              <value>
                <![CDATA[chrome]]>
              </value>
            </param>
            <param index="1">
              <value>
                <![CDATA[https://thinking-tester-contact-list.herokuapp.com/]]>
              </value>
            </param>
          </params>
          <reporter-output>
          </reporter-output>
        </test-method> <!-- browserLaunchAndUrlLoad -->
        <test-method signature="LoginTest(java.lang.String,java.lang.String,java.lang.String)[pri:0, instance:tests.TC_002_LoginTest@5e0e82ae]" started-at="2025-07-06T14:29:29 IST" name="LoginTest" data-provider="readData" finished-at="2025-07-06T14:29:35 IST" duration-ms="5505" status="PASS">
          <params>
            <param index="0">
              <value>
                <![CDATA[nandhini555@gmail.com]]>
              </value>
            </param>
            <param index="1">
              <value>
                <![CDATA[abcd123]]>
              </value>
            </param>
            <param index="2">
              <value>
                <![CDATA[false]]>
              </value>
            </param>
          </params>
          <reporter-output>
          </reporter-output>
        </test-method> <!-- LoginTest -->
        <test-method is-config="true" signature="closeBrowser()[pri:0, instance:tests.TC_002_LoginTest@5e0e82ae]" started-at="2025-07-06T14:29:35 IST" name="closeBrowser" finished-at="2025-07-06T14:29:35 IST" duration-ms="322" status="PASS">
          <reporter-output>
          </reporter-output>
        </test-method> <!-- closeBrowser -->
        <test-method is-config="true" signature="browserLaunchAndUrlLoad(java.lang.String,java.lang.String)[pri:0, instance:tests.TC_002_LoginTest@5e0e82ae]" started-at="2025-07-06T14:29:35 IST" name="browserLaunchAndUrlLoad" finished-at="2025-07-06T14:29:38 IST" duration-ms="3370" status="PASS">
          <params>
            <param index="0">
              <value>
                <![CDATA[chrome]]>
              </value>
            </param>
            <param index="1">
              <value>
                <![CDATA[https://thinking-tester-contact-list.herokuapp.com/]]>
              </value>
            </param>
          </params>
          <reporter-output>
          </reporter-output>
        </test-method> <!-- browserLaunchAndUrlLoad -->
        <test-method signature="LoginTest(java.lang.String,java.lang.String,java.lang.String)[pri:0, instance:tests.TC_002_LoginTest@5e0e82ae]" started-at="2025-07-06T14:29:38 IST" name="LoginTest" data-provider="readData" finished-at="2025-07-06T14:29:44 IST" duration-ms="5454" status="PASS">
          <params>
            <param index="0">
              <value>
                <![CDATA[]]>
              </value>
            </param>
            <param index="1">
              <value>
                <![CDATA[]]>
              </value>
            </param>
            <param index="2">
              <value>
                <![CDATA[false]]>
              </value>
            </param>
          </params>
          <reporter-output>
          </reporter-output>
        </test-method> <!-- LoginTest -->
        <test-method is-config="true" signature="closeBrowser()[pri:0, instance:tests.TC_002_LoginTest@5e0e82ae]" started-at="2025-07-06T14:29:44 IST" name="closeBrowser" finished-at="2025-07-06T14:29:44 IST" duration-ms="340" status="PASS">
          <reporter-output>
          </reporter-output>
        </test-method> <!-- closeBrowser -->
        <test-method is-config="true" signature="browserLaunchAndUrlLoad(java.lang.String,java.lang.String)[pri:0, instance:tests.TC_002_LoginTest@5e0e82ae]" started-at="2025-07-06T14:29:44 IST" name="browserLaunchAndUrlLoad" finished-at="2025-07-06T14:29:48 IST" duration-ms="3327" status="PASS">
          <params>
            <param index="0">
              <value>
                <![CDATA[chrome]]>
              </value>
            </param>
            <param index="1">
              <value>
                <![CDATA[https://thinking-tester-contact-list.herokuapp.com/]]>
              </value>
            </param>
          </params>
          <reporter-output>
          </reporter-output>
        </test-method> <!-- browserLaunchAndUrlLoad -->
        <test-method signature="LoginTest(java.lang.String,java.lang.String,java.lang.String)[pri:0, instance:tests.TC_002_LoginTest@5e0e82ae]" started-at="2025-07-06T14:29:48 IST" name="LoginTest" data-provider="readData" finished-at="2025-07-06T14:29:53 IST" duration-ms="5518" status="PASS">
          <params>
            <param index="0">
              <value>
                <![CDATA[user.com]]>
              </value>
            </param>
            <param index="1">
              <value>
                <![CDATA[Niki@121113]]>
              </value>
            </param>
            <param index="2">
              <value>
                <![CDATA[false]]>
              </value>
            </param>
          </params>
          <reporter-output>
          </reporter-output>
        </test-method> <!-- LoginTest -->
        <test-method is-config="true" signature="closeBrowser()[pri:0, instance:tests.TC_002_LoginTest@5e0e82ae]" started-at="2025-07-06T14:29:53 IST" name="closeBrowser" finished-at="2025-07-06T14:29:54 IST" duration-ms="333" status="PASS">
          <reporter-output>
          </reporter-output>
        </test-method> <!-- closeBrowser -->
        <test-method is-config="true" signature="browserLaunchAndUrlLoad(java.lang.String,java.lang.String)[pri:0, instance:tests.TC_002_LoginTest@5e0e82ae]" started-at="2025-07-06T14:29:54 IST" name="browserLaunchAndUrlLoad" finished-at="2025-07-06T14:29:57 IST" duration-ms="3413" status="PASS">
          <params>
            <param index="0">
              <value>
                <![CDATA[chrome]]>
              </value>
            </param>
            <param index="1">
              <value>
                <![CDATA[https://thinking-tester-contact-list.herokuapp.com/]]>
              </value>
            </param>
          </params>
          <reporter-output>
          </reporter-output>
        </test-method> <!-- browserLaunchAndUrlLoad -->
        <test-method signature="passwordFieldMask()[pri:0, instance:tests.TC_002_LoginTest@5e0e82ae]" started-at="2025-07-06T14:29:57 IST" name="passwordFieldMask" finished-at="2025-07-06T14:29:57 IST" duration-ms="63" status="PASS">
          <reporter-output>
          </reporter-output>
        </test-method> <!-- passwordFieldMask -->
        <test-method is-config="true" signature="closeBrowser()[pri:0, instance:tests.TC_002_LoginTest@5e0e82ae]" started-at="2025-07-06T14:29:57 IST" name="closeBrowser" finished-at="2025-07-06T14:29:58 IST" duration-ms="314" status="PASS">
          <reporter-output>
          </reporter-output>
        </test-method> <!-- closeBrowser -->
        <test-method is-config="true" signature="DataConClose()[pri:0, instance:tests.TC_002_LoginTest@5e0e82ae]" started-at="2025-07-06T14:31:54 IST" name="DataConClose" finished-at="2025-07-06T14:31:54 IST" duration-ms="0" status="PASS">
          <reporter-output>
          </reporter-output>
        </test-method> <!-- DataConClose -->
      </class> <!-- tests.TC_002_LoginTest -->
    </test> <!-- ChromeTest -->
  </suite> <!-- Suite -->
</testng-results>
